[LOG] System::create                           : Header version = 1.10.05. Current version = 1.10.05.
[LOG] Manager::init                            : maxchannels = 256 studioflags = 00000006 flags 00000000 extradriverdata 0000000000000000.
[LOG] SystemI::init                            : Initialize version=11005 (94661), maxchannels=256, flags=0x00020000
[LOG] SystemI::setOutputInternal               : Setting output to 'FMOD WASAPI Output'
[LOG] OutputWASAPI::init                       : Mix Format (WAVEFORMATEX): wFormatTag=0xFFFE, nChannels=2, nSamplesPerSec=44100, nAvgBytesPerSec=352800, nBlockAlign=8, wBitsPerSample=32, cbSize=22.
[LOG] OutputWASAPI::init                       : Mix Format (WAVEFORMATEXTENSIBLE): wValidBitsPerSample=32, dwChannelMask=0x00000003, SubFormat=00000003-0000-0010-8000-00AA00389B71.
[LOG] OutputWASAPI::init                       : Output buffer size: 3760 samples, latency: 0.00ms, period: 10.00ms, DSP buffer: 1024 * 4
[WRN] SystemI::init                            : Output requires a sample rate of 44100Hz, resampling will occur.
[LOG] Thread::initThread                       : Init FMOD stream thread. Priority: 2, Stack Size: 65536, Semaphore: No, Sleep Time: 10, Looping: Yes.
[LOG] Thread::initThread                       : Init FMOD mixer thread. Priority: 3, Stack Size: 49152, Semaphore: No, Sleep Time: 0, Looping: Yes.
[LOG] AsyncManager::init                       : manager 000000004F0CA038 isAsync 0 updatePeriod 0.02
[LOG] AsyncManager::init                       : done
[LOG] PlaybackSystem::init                     : 
[LOG] Thread::initThread                       : Init FMOD Studio sample load thread. Priority: 0, Stack Size: 65536, Semaphore: No, Sleep Time: 1, Looping: No.
[LOG] PlaybackSystem::init                     : done
[LOG] Thread::initThread                       : Init FMOD Studio bank load thread. Priority: 0, Stack Size: 65536, Semaphore: No, Sleep Time: 1, Looping: No.
[LOG] Manager::init                            : done.
[LOG] Manager::readBank                        : fileversion = 100, compatVersion = 99 (oldest = 44, newest = 100)
[LOG] SystemI::createSoundInternal             : Create name='', mode=0x02000202
[LOG] SystemI::createSoundInternal             : exinfo->cbsize             = 232
[LOG] SystemI::createSoundInternal             : exinfo->length             = 9363360
[LOG] SystemI::createSoundInternal             : exinfo->fileoffset         = 52416
[LOG] SystemI::createSoundInternal             : exinfo->numsubsounds       = 1
[LOG] SystemI::createSoundInternal             : exinfo->inclusionlist      = 000000005181F5FC
[LOG] SystemI::createSoundInternal             : exinfo->inclusionlistnum   = 1
[LOG] SystemI::createSoundInternal             : exinfo->suggestedsoundtype = 5
[LOG] SystemI::createSoundInternal             : exinfo->useropen           = 00007FFCEBB1E4B0
[LOG] SystemI::createSoundInternal             : exinfo->userclose          = 00007FFCEBB1E480
[LOG] SystemI::createSoundInternal             : exinfo->userread           = 00007FFCEBB1E580
[LOG] SystemI::createSoundInternal             : exinfo->userseek           = 00007FFCEBB1E640
[LOG] SystemI::createSoundInternal             : exinfo->fileuserdata       = 000000004630E9D8
[LOG] SystemI::createSoundInternal             : exinfo->initialseekpostype = 1
[LOG] SystemI::DSPCodecPoolRegister            : register codec pool for pool type 5
[LOG] SystemI::createSoundInternal             : Sample 0/1: name='PlasmaGunShotRel1.3', format=2, channels=2, frequency=48000, lengthbytes=25280, lengthpcm=96000, pcmblocksize=0, loopstart=0, loopend=0, mode=0x00000000, channelmask=0x00000000, channelorder=0, peakvolume=0.562225.
[LOG] SystemI::createSoundInternal             : Create name='', mode=0x02000202
[LOG] SystemI::createSoundInternal             : exinfo->cbsize             = 232
[LOG] SystemI::createSoundInternal             : exinfo->length             = 9363360
[LOG] SystemI::createSoundInternal             : exinfo->fileoffset         = 52416
[LOG] SystemI::createSoundInternal             : exinfo->numsubsounds       = 1
[LOG] SystemI::createSoundInternal             : exinfo->inclusionlist      = 000000005181F5FC
[LOG] SystemI::createSoundInternal             : exinfo->inclusionlistnum   = 1
[LOG] SystemI::createSoundInternal             : exinfo->suggestedsoundtype = 5
[LOG] SystemI::createSoundInternal             : exinfo->useropen           = 00007FFCEBB1E4B0
[LOG] SystemI::createSoundInternal             : exinfo->userclose          = 00007FFCEBB1E480
[LOG] SystemI::createSoundInternal             : exinfo->userread           = 00007FFCEBB1E580
[LOG] SystemI::createSoundInternal             : exinfo->userseek           = 00007FFCEBB1E640
[LOG] SystemI::createSoundInternal             : exinfo->fileuserdata       = 000000004630E9D8
[LOG] SystemI::createSoundInternal             : exinfo->initialseekpostype = 1
[LOG] SystemI::DSPCodecPoolRegister            : register codec pool for pool type 5
[LOG] SystemI::createSoundInternal             : Sample 0/1: name='PlasmaGunShotAtk1.3', format=2, channels=2, frequency=48000, lengthbytes=8608, lengthpcm=96000, pcmblocksize=0, loopstart=0, loopend=0, mode=0x00000000, channelmask=0x00000000, channelorder=0, peakvolume=0.616119.
[LOG] SystemI::createSoundInternal             : Create name='', mode=0x02000202
[LOG] SystemI::createSoundInternal             : exinfo->cbsize             = 232
[LOG] SystemI::createSoundInternal             : exinfo->length             = 9363360
[LOG] SystemI::createSoundInternal             : exinfo->fileoffset         = 52416
[LOG] SystemI::createSoundInternal             : exinfo->numsubsounds       = 1
[LOG] SystemI::createSoundInternal             : exinfo->inclusionlist      = 000000005181F5FC
[LOG] SystemI::createSoundInternal             : exinfo->inclusionlistnum   = 1
[LOG] SystemI::createSoundInternal             : exinfo->suggestedsoundtype = 5
[LOG] SystemI::createSoundInternal             : exinfo->useropen           = 00007FFCEBB1E4B0
[LOG] SystemI::createSoundInternal             : exinfo->userclose          = 00007FFCEBB1E480
[LOG] SystemI::createSoundInternal             : exinfo->userread           = 00007FFCEBB1E580
[LOG] SystemI::createSoundInternal             : exinfo->userseek           = 00007FFCEBB1E640
[LOG] SystemI::createSoundInternal             : exinfo->fileuserdata       = 000000004630E9D8
[LOG] SystemI::createSoundInternal             : exinfo->initialseekpostype = 1
[LOG] SystemI::DSPCodecPoolRegister            : register codec pool for pool type 5
[LOG] SystemI::createSoundInternal             : Sample 0/1: name='PlasmaGunShotRel1.2', format=2, channels=2, frequency=48000, lengthbytes=25984, lengthpcm=96000, pcmblocksize=0, loopstart=0, loopend=0, mode=0x00000000, channelmask=0x00000000, channelorder=0, peakvolume=0.546600.
[LOG] SystemI::createSoundInternal             : Create name='', mode=0x02000202
[LOG] SystemI::createSoundInternal             : exinfo->cbsize             = 232
[LOG] SystemI::createSoundInternal             : exinfo->length             = 9363360
[LOG] SystemI::createSoundInternal             : exinfo->fileoffset         = 52416
[LOG] SystemI::createSoundInternal             : exinfo->numsubsounds       = 1
[LOG] SystemI::createSoundInternal             : exinfo->inclusionlist      = 000000005181F5FC
[LOG] SystemI::createSoundInternal             : exinfo->inclusionlistnum   = 1
[LOG] SystemI::createSoundInternal             : exinfo->suggestedsoundtype = 5
[LOG] SystemI::createSoundInternal             : exinfo->useropen           = 00007FFCEBB1E4B0
[LOG] SystemI::createSoundInternal             : exinfo->userclose          = 00007FFCEBB1E480
[LOG] SystemI::createSoundInternal             : exinfo->userread           = 00007FFCEBB1E580
[LOG] SystemI::createSoundInternal             : exinfo->userseek           = 00007FFCEBB1E640
[LOG] SystemI::createSoundInternal             : exinfo->fileuserdata       = 000000004630E9D8
[LOG] SystemI::createSoundInternal             : exinfo->initialseekpostype = 1
[LOG] SystemI::DSPCodecPoolRegister            : register codec pool for pool type 5
[LOG] SystemI::createSoundInternal             : Sample 0/1: name='PlasmaGunShotRel1.1', format=2, channels=2, frequency=48000, lengthbytes=24448, lengthpcm=96000, pcmblocksize=0, loopstart=0, loopend=0, mode=0x00000000, channelmask=0x00000000, channelorder=0, peakvolume=0.641510.
[LOG] SystemI::createSoundInternal             : Create name='', mode=0x02000202
[LOG] SystemI::createSoundInternal             : exinfo->cbsize             = 232
[LOG] SystemI::createSoundInternal             : exinfo->length             = 9363360
[LOG] SystemI::createSoundInternal             : exinfo->fileoffset         = 52416
[LOG] SystemI::createSoundInternal             : exinfo->numsubsounds       = 1
[LOG] SystemI::createSoundInternal             : exinfo->inclusionlist      = 000000005181F5FC
[LOG] SystemI::createSoundInternal             : exinfo->inclusionlistnum   = 1
[LOG] SystemI::createSoundInternal             : exinfo->suggestedsoundtype = 5
[LOG] SystemI::createSoundInternal             : exinfo->useropen           = 00007FFCEBB1E4B0
[LOG] SystemI::createSoundInternal             : exinfo->userclose          = 00007FFCEBB1E480
[LOG] SystemI::createSoundInternal             : exinfo->userread           = 00007FFCEBB1E580
[LOG] SystemI::createSoundInternal             : exinfo->userseek           = 00007FFCEBB1E640
[LOG] SystemI::createSoundInternal             : exinfo->fileuserdata       = 000000004630E9D8
[LOG] SystemI::createSoundInternal             : exinfo->initialseekpostype = 1
[LOG] SystemI::DSPCodecPoolRegister            : register codec pool for pool type 5
[LOG] SystemI::createSoundInternal             : Sample 0/1: name='PlasmaGunShotAtk1.2', format=2, channels=2, frequency=48000, lengthbytes=8224, lengthpcm=96000, pcmblocksize=0, loopstart=0, loopend=0, mode=0x00000000, channelmask=0x00000000, channelorder=0, peakvolume=0.687042.
[LOG] SystemI::createSoundInternal             : Create name='', mode=0x02000202
[LOG] SystemI::createSoundInternal             : exinfo->cbsize             = 232
[LOG] SystemI::createSoundInternal             : exinfo->length             = 9363360
[LOG] SystemI::createSoundInternal             : exinfo->fileoffset         = 52416
[LOG] SystemI::createSoundInternal             : exinfo->numsubsounds       = 1
[LOG] SystemI::createSoundInternal             : exinfo->inclusionlist      = 000000005181F5FC
[LOG] SystemI::createSoundInternal             : exinfo->inclusionlistnum   = 1
[LOG] SystemI::createSoundInternal             : exinfo->suggestedsoundtype = 5
[LOG] SystemI::createSoundInternal             : exinfo->useropen           = 00007FFCEBB1E4B0
[LOG] SystemI::createSoundInternal             : exinfo->userclose          = 00007FFCEBB1E480
[LOG] SystemI::createSoundInternal             : exinfo->userread           = 00007FFCEBB1E580
[LOG] SystemI::createSoundInternal             : exinfo->userseek           = 00007FFCEBB1E640
[LOG] SystemI::createSoundInternal             : exinfo->fileuserdata       = 000000004630E9D8
[LOG] SystemI::createSoundInternal             : exinfo->initialseekpostype = 1
[LOG] SystemI::DSPCodecPoolRegister            : register codec pool for pool type 5
[LOG] SystemI::createSoundInternal             : Sample 0/1: name='PlasmaGunShotAtk1.1', format=2, channels=2, frequency=48000, lengthbytes=8448, lengthpcm=96000, pcmblocksize=0, loopstart=0, loopend=0, mode=0x00000000, channelmask=0x00000000, channelorder=0, peakvolume=0.758698.
[LOG] SystemI::createSoundInternal             : Create name='', mode=0x02000202
[LOG] SystemI::createSoundInternal             : exinfo->cbsize             = 232
[LOG] SystemI::createSoundInternal             : exinfo->length             = 9363360
[LOG] SystemI::createSoundInternal             : exinfo->fileoffset         = 52416
[LOG] SystemI::createSoundInternal             : exinfo->numsubsounds       = 1
[LOG] SystemI::createSoundInternal             : exinfo->inclusionlist      = 000000005181F5FC
[LOG] SystemI::createSoundInternal             : exinfo->inclusionlistnum   = 1
[LOG] SystemI::createSoundInternal             : exinfo->suggestedsoundtype = 5
[LOG] SystemI::createSoundInternal             : exinfo->useropen           = 00007FFCEBB1E4B0
[LOG] SystemI::createSoundInternal             : exinfo->userclose          = 00007FFCEBB1E480
[LOG] SystemI::createSoundInternal             : exinfo->userread           = 00007FFCEBB1E580
[LOG] SystemI::createSoundInternal             : exinfo->userseek           = 00007FFCEBB1E640
[LOG] SystemI::createSoundInternal             : exinfo->fileuserdata       = 0000000046310DF8
[LOG] SystemI::createSoundInternal             : exinfo->initialseekpostype = 1
[LOG] SystemI::DSPCodecPoolRegister            : register codec pool for pool type 5
[LOG] SystemI::createSoundInternal             : Sample 0/1: name='GunHeavyShotPH', format=2, channels=2, frequency=48000, lengthbytes=23584, lengthpcm=95434, pcmblocksize=0, loopstart=0, loopend=0, mode=0x00000000, channelmask=0x00000000, channelorder=0, peakvolume=0.563416.
[LOG] SystemI::createSoundInternal             : Create name='', mode=0x02000202
[LOG] SystemI::createSoundInternal             : exinfo->cbsize             = 232
[LOG] SystemI::createSoundInternal             : exinfo->length             = 9363360
[LOG] SystemI::createSoundInternal             : exinfo->fileoffset         = 52416
[LOG] SystemI::createSoundInternal             : exinfo->numsubsounds       = 1
[LOG] SystemI::createSoundInternal             : exinfo->inclusionlist      = 000000005181F5FC
[LOG] SystemI::createSoundInternal             : exinfo->inclusionlistnum   = 1
[LOG] SystemI::createSoundInternal             : exinfo->suggestedsoundtype = 5
[LOG] SystemI::createSoundInternal             : exinfo->useropen           = 00007FFCEBB1E4B0
[LOG] SystemI::createSoundInternal             : exinfo->userclose          = 00007FFCEBB1E480
[LOG] SystemI::createSoundInternal             : exinfo->userread           = 00007FFCEBB1E580
[LOG] SystemI::createSoundInternal             : exinfo->userseek           = 00007FFCEBB1E640
[LOG] SystemI::createSoundInternal             : exinfo->fileuserdata       = 000000004630E9D8
[LOG] SystemI::createSoundInternal             : exinfo->initialseekpostype = 1
[LOG] SystemI::DSPCodecPoolRegister            : register codec pool for pool type 5
[LOG] SystemI::createSoundInternal             : Sample 0/1: name='GunHeavyBulletImpactBossPH1.3', format=2, channels=2, frequency=48000, lengthbytes=13088, lengthpcm=62999, pcmblocksize=0, loopstart=0, loopend=0, mode=0x00000000, channelmask=0x00000000, channelorder=0, peakvolume=0.325104.
[LOG] SystemI::createSoundInternal             : Create name='', mode=0x02000202
[LOG] SystemI::createSoundInternal             : exinfo->cbsize             = 232
[LOG] SystemI::createSoundInternal             : exinfo->length             = 9363360
[LOG] SystemI::createSoundInternal             : exinfo->fileoffset         = 52416
[LOG] SystemI::createSoundInternal             : exinfo->numsubsounds       = 1
[LOG] SystemI::createSoundInternal             : exinfo->inclusionlist      = 000000005181F5FC
[LOG] SystemI::createSoundInternal             : exinfo->inclusionlistnum   = 1
[LOG] SystemI::createSoundInternal             : exinfo->suggestedsoundtype = 5
[LOG] SystemI::createSoundInternal             : exinfo->useropen           = 00007FFCEBB1E4B0
[LOG] SystemI::createSoundInternal             : exinfo->userclose          = 00007FFCEBB1E480
[LOG] SystemI::createSoundInternal             : exinfo->userread           = 00007FFCEBB1E580
[LOG] SystemI::createSoundInternal             : exinfo->userseek           = 00007FFCEBB1E640
[LOG] SystemI::createSoundInternal             : exinfo->fileuserdata       = 000000004630E9D8
[LOG] SystemI::createSoundInternal             : exinfo->initialseekpostype = 1
[LOG] SystemI::DSPCodecPoolRegister            : register codec pool for pool type 5
[LOG] SystemI::createSoundInternal             : Sample 0/1: name='GunHeavyBulletImpactBossPH1.1', format=2, channels=2, frequency=48000, lengthbytes=13184, lengthpcm=62999, pcmblocksize=0, loopstart=0, loopend=0, mode=0x00000000, channelmask=0x00000000, channelorder=0, peakvolume=0.451630.
[LOG] SystemI::createSoundInternal             : Create name='', mode=0x02000202
[LOG] SystemI::createSoundInternal             : exinfo->cbsize             = 232
[LOG] SystemI::createSoundInternal             : exinfo->length             = 9363360
[LOG] SystemI::createSoundInternal             : exinfo->fileoffset         = 52416
[LOG] SystemI::createSoundInternal             : exinfo->numsubsounds       = 1
[LOG] SystemI::createSoundInternal             : exinfo->inclusionlist      = 000000005181F5FC
[LOG] SystemI::createSoundInternal             : exinfo->inclusionlistnum   = 1
[LOG] SystemI::createSoundInternal             : exinfo->suggestedsoundtype = 5
[LOG] SystemI::createSoundInternal             : exinfo->useropen           = 00007FFCEBB1E4B0
[LOG] SystemI::createSoundInternal             : exinfo->userclose          = 00007FFCEBB1E480
[LOG] SystemI::createSoundInternal             : exinfo->userread           = 00007FFCEBB1E580
[LOG] SystemI::createSoundInternal             : exinfo->userseek           = 00007FFCEBB1E640
[LOG] SystemI::createSoundInternal             : exinfo->fileuserdata       = 000000004630E9D8
[LOG] SystemI::createSoundInternal             : exinfo->initialseekpostype = 1
[LOG] SystemI::DSPCodecPoolRegister            : register codec pool for pool type 5
[LOG] SystemI::createSoundInternal             : Sample 0/1: name='PlayerTakeDmg1.3', format=2, channels=2, frequency=48000, lengthbytes=9984, lengthpcm=48000, pcmblocksize=0, loopstart=0, loopend=0, mode=0x00000000, channelmask=0x00000000, channelorder=0, peakvolume=0.421234.
[LOG] SystemI::createSoundInternal             : Create name='', mode=0x02000202
[LOG] SystemI::createSoundInternal             : exinfo->cbsize             = 232
[LOG] SystemI::createSoundInternal             : exinfo->length             = 9363360
[LOG] SystemI::createSoundInternal             : exinfo->fileoffset         = 52416
[LOG] SystemI::createSoundInternal             : exinfo->numsubsounds       = 1
[LOG] SystemI::createSoundInternal             : exinfo->inclusionlist      = 000000005181F5FC
[LOG] SystemI::createSoundInternal             : exinfo->inclusionlistnum   = 1
[LOG] SystemI::createSoundInternal             : exinfo->suggestedsoundtype = 5
[LOG] SystemI::createSoundInternal             : exinfo->useropen           = 00007FFCEBB1E4B0
[LOG] SystemI::createSoundInternal             : exinfo->userclose          = 00007FFCEBB1E480
[LOG] SystemI::createSoundInternal             : exinfo->userread           = 00007FFCEBB1E580
[LOG] SystemI::createSoundInternal             : exinfo->userseek           = 00007FFCEBB1E640
[LOG] SystemI::createSoundInternal             : exinfo->fileuserdata       = 000000004630E9D8
[LOG] SystemI::createSoundInternal             : exinfo->initialseekpostype = 1
[LOG] SystemI::DSPCodecPoolRegister            : register codec pool for pool type 5
[LOG] SystemI::createSoundInternal             : Sample 0/1: name='PlayerTakeDmg1.1', format=2, channels=2, frequency=48000, lengthbytes=9952, lengthpcm=48000, pcmblocksize=0, loopstart=0, loopend=0, mode=0x00000000, channelmask=0x00000000, channelorder=0, peakvolume=0.426117.
[LOG] SystemI::createSoundInternal             : Create name='', mode=0x02000202
[LOG] SystemI::createSoundInternal             : exinfo->cbsize             = 232
[LOG] SystemI::createSoundInternal             : exinfo->length             = 9363360
[LOG] SystemI::createSoundInternal             : exinfo->fileoffset         = 52416
[LOG] SystemI::createSoundInternal             : exinfo->numsubsounds       = 1
[LOG] SystemI::createSoundInternal             : exinfo->inclusionlist      = 000000005181F5FC
[LOG] SystemI::createSoundInternal             : exinfo->inclusionlistnum   = 1
[LOG] SystemI::createSoundInternal             : exinfo->suggestedsoundtype = 5
[LOG] SystemI::createSoundInternal             : exinfo->useropen           = 00007FFCEBB1E4B0
[LOG] SystemI::createSoundInternal             : exinfo->userclose          = 00007FFCEBB1E480
[LOG] SystemI::createSoundInternal             : exinfo->userread           = 00007FFCEBB1E580
[LOG] SystemI::createSoundInternal             : exinfo->userseek           = 00007FFCEBB1E640
[LOG] SystemI::createSoundInternal             : exinfo->fileuserdata       = 000000004630E9D8
[LOG] SystemI::createSoundInternal             : exinfo->initialseekpostype = 1
[LOG] SystemI::DSPCodecPoolRegister            : register codec pool for pool type 5
[LOG] SystemI::createSoundInternal             : Sample 0/1: name='PlayerTakeDmg1.2', format=2, channels=2, frequency=48000, lengthbytes=10144, lengthpcm=48000, pcmblocksize=0, loopstart=0, loopend=0, mode=0x00000000, channelmask=0x00000000, channelorder=0, peakvolume=0.411438.
[LOG] SystemI::createSoundInternal             : Create name='', mode=0x02000202
[LOG] SystemI::createSoundInternal             : exinfo->cbsize             = 232
[LOG] SystemI::createSoundInternal             : exinfo->length             = 9363360
[LOG] SystemI::createSoundInternal             : exinfo->fileoffset         = 52416
[LOG] SystemI::createSoundInternal             : exinfo->numsubsounds       = 1
[LOG] SystemI::createSoundInternal             : exinfo->inclusionlist      = 000000005181F5FC
[LOG] SystemI::createSoundInternal             : exinfo->inclusionlistnum   = 1
[LOG] SystemI::createSoundInternal             : exinfo->suggestedsoundtype = 5
[LOG] SystemI::createSoundInternal             : exinfo->useropen           = 00007FFCEBB1E4B0
[LOG] SystemI::createSoundInternal             : exinfo->userclose          = 00007FFCEBB1E480
[LOG] SystemI::createSoundInternal             : exinfo->userread           = 00007FFCEBB1E580
[LOG] SystemI::createSoundInternal             : exinfo->userseek           = 00007FFCEBB1E640
[LOG] SystemI::createSoundInternal             : exinfo->fileuserdata       = 000000004630E9D8
[LOG] SystemI::createSoundInternal             : exinfo->initialseekpostype = 1
[LOG] SystemI::DSPCodecPoolRegister            : register codec pool for pool type 5
[LOG] SystemI::createSoundInternal             : Sample 0/1: name='GunHeavyBulletImpactBossPH1.4', format=2, channels=2, frequency=48000, lengthbytes=13056, lengthpcm=62999, pcmblocksize=0, loopstart=0, loopend=0, mode=0x00000000, channelmask=0x00000000, channelorder=0, peakvolume=0.375366.
[LOG] SystemI::createSoundInternal             : Create name='', mode=0x02000202
[LOG] SystemI::createSoundInternal             : exinfo->cbsize             = 232
[LOG] SystemI::createSoundInternal             : exinfo->length             = 9363360
[LOG] SystemI::createSoundInternal             : exinfo->fileoffset         = 52416
[LOG] SystemI::createSoundInternal             : exinfo->numsubsounds       = 1
[LOG] SystemI::createSoundInternal             : exinfo->inclusionlist      = 000000005181F5FC
[LOG] SystemI::createSoundInternal             : exinfo->inclusionlistnum   = 1
[LOG] SystemI::createSoundInternal             : exinfo->suggestedsoundtype = 5
[LOG] SystemI::createSoundInternal             : exinfo->useropen           = 00007FFCEBB1E4B0
[LOG] SystemI::createSoundInternal             : exinfo->userclose          = 00007FFCEBB1E480
[LOG] SystemI::createSoundInternal             : exinfo->userread           = 00007FFCEBB1E580
[LOG] SystemI::createSoundInternal             : exinfo->userseek           = 00007FFCEBB1E640
[LOG] SystemI::createSoundInternal             : exinfo->fileuserdata       = 000000004630E9D8
[LOG] SystemI::createSoundInternal             : exinfo->initialseekpostype = 1
[LOG] SystemI::DSPCodecPoolRegister            : register codec pool for pool type 5
[LOG] SystemI::createSoundInternal             : Sample 0/1: name='GunHeavyBulletImpactBossPH1.2', format=2, channels=2, frequency=48000, lengthbytes=13024, lengthpcm=62999, pcmblocksize=0, loopstart=0, loopend=0, mode=0x00000000, channelmask=0x00000000, channelorder=0, peakvolume=0.328003.
[LOG] SystemI::createSoundInternal             : Create name='', mode=0x02000202
[LOG] SystemI::createSoundInternal             : exinfo->cbsize             = 232
[LOG] SystemI::createSoundInternal             : exinfo->length             = 9363360
[LOG] SystemI::createSoundInternal             : exinfo->fileoffset         = 52416
[LOG] SystemI::createSoundInternal             : exinfo->numsubsounds       = 1
[LOG] SystemI::createSoundInternal             : exinfo->inclusionlist      = 000000005181F5FC
[LOG] SystemI::createSoundInternal             : exinfo->inclusionlistnum   = 1
[LOG] SystemI::createSoundInternal             : exinfo->suggestedsoundtype = 5
[LOG] SystemI::createSoundInternal             : exinfo->useropen           = 00007FFCEBB1E4B0
[LOG] SystemI::createSoundInternal             : exinfo->userclose          = 00007FFCEBB1E480
[LOG] SystemI::createSoundInternal             : exinfo->userread           = 00007FFCEBB1E580
[LOG] SystemI::createSoundInternal             : exinfo->userseek           = 00007FFCEBB1E640
[LOG] SystemI::createSoundInternal             : exinfo->fileuserdata       = 000000004630E9D8
[LOG] SystemI::createSoundInternal             : exinfo->initialseekpostype = 1
[LOG] SystemI::DSPCodecPoolRegister            : register codec pool for pool type 5
[LOG] SystemI::createSoundInternal             : Sample 0/1: name='PlayerTakeDmg1.4', format=2, channels=2, frequency=48000, lengthbytes=10048, lengthpcm=48000, pcmblocksize=0, loopstart=0, loopend=0, mode=0x00000000, channelmask=0x00000000, channelorder=0, peakvolume=0.395844.
[LOG] SystemI::createSoundInternal             : Create name='', mode=0x02000202
[LOG] SystemI::createSoundInternal             : exinfo->cbsize             = 232
[LOG] SystemI::createSoundInternal             : exinfo->length             = 9363360
[LOG] SystemI::createSoundInternal             : exinfo->fileoffset         = 52416
[LOG] SystemI::createSoundInternal             : exinfo->numsubsounds       = 1
[LOG] SystemI::createSoundInternal             : exinfo->inclusionlist      = 000000005181F5FC
[LOG] SystemI::createSoundInternal             : exinfo->inclusionlistnum   = 1
[LOG] SystemI::createSoundInternal             : exinfo->suggestedsoundtype = 5
[LOG] SystemI::createSoundInternal             : exinfo->useropen           = 00007FFCEBB1E4B0
[LOG] SystemI::createSoundInternal             : exinfo->userclose          = 00007FFCEBB1E480
[LOG] SystemI::createSoundInternal             : exinfo->userread           = 00007FFCEBB1E580
[LOG] SystemI::createSoundInternal             : exinfo->userseek           = 00007FFCEBB1E640
[LOG] SystemI::createSoundInternal             : exinfo->fileuserdata       = 000000004630BD38
[LOG] SystemI::createSoundInternal             : exinfo->initialseekpostype = 1
[LOG] SystemI::DSPCodecPoolRegister            : register codec pool for pool type 5
[LOG] SystemI::createSoundInternal             : Sample 0/1: name='PlayerJumpPH1.1', format=2, channels=2, frequency=48000, lengthbytes=5888, lengthpcm=27000, pcmblocksize=0, loopstart=0, loopend=0, mode=0x00000000, channelmask=0x00000000, channelorder=0, peakvolume=0.126892.
[LOG] SystemI::createSoundInternal             : Create name='', mode=0x02000202
[LOG] SystemI::createSoundInternal             : exinfo->cbsize             = 232
[LOG] SystemI::createSoundInternal             : exinfo->length             = 9363360
[LOG] SystemI::createSoundInternal             : exinfo->fileoffset         = 52416
[LOG] SystemI::createSoundInternal             : exinfo->numsubsounds       = 1
[LOG] SystemI::createSoundInternal             : exinfo->inclusionlist      = 000000005181F5FC
[LOG] SystemI::createSoundInternal             : exinfo->inclusionlistnum   = 1
[LOG] SystemI::createSoundInternal             : exinfo->suggestedsoundtype = 5
[LOG] SystemI::createSoundInternal             : exinfo->useropen           = 00007FFCEBB1E4B0
[LOG] SystemI::createSoundInternal             : exinfo->userclose          = 00007FFCEBB1E480
[LOG] SystemI::createSoundInternal             : exinfo->userread           = 00007FFCEBB1E580
[LOG] SystemI::createSoundInternal             : exinfo->userseek           = 00007FFCEBB1E640
[LOG] SystemI::createSoundInternal             : exinfo->fileuserdata       = 000000004630BD38
[LOG] SystemI::createSoundInternal             : exinfo->initialseekpostype = 1
[LOG] SystemI::DSPCodecPoolRegister            : register codec pool for pool type 5
[LOG] SystemI::createSoundInternal             : Sample 0/1: name='PlayerJumpPH1.2', format=2, channels=2, frequency=48000, lengthbytes=4896, lengthpcm=27000, pcmblocksize=0, loopstart=0, loopend=0, mode=0x00000000, channelmask=0x00000000, channelorder=0, peakvolume=0.108521.
[LOG] SystemI::createSoundInternal             : Create name='', mode=0x02000202
[LOG] SystemI::createSoundInternal             : exinfo->cbsize             = 232
[LOG] SystemI::createSoundInternal             : exinfo->length             = 9363360
[LOG] SystemI::createSoundInternal             : exinfo->fileoffset         = 52416
[LOG] SystemI::createSoundInternal             : exinfo->numsubsounds       = 1
[LOG] SystemI::createSoundInternal             : exinfo->inclusionlist      = 000000005181F5FC
[LOG] SystemI::createSoundInternal             : exinfo->inclusionlistnum   = 1
[LOG] SystemI::createSoundInternal             : exinfo->suggestedsoundtype = 5
[LOG] SystemI::createSoundInternal             : exinfo->useropen           = 00007FFCEBB1E4B0
[LOG] SystemI::createSoundInternal             : exinfo->userclose          = 00007FFCEBB1E480
[LOG] SystemI::createSoundInternal             : exinfo->userread           = 00007FFCEBB1E580
[LOG] SystemI::createSoundInternal             : exinfo->userseek           = 00007FFCEBB1E640
[LOG] SystemI::createSoundInternal             : exinfo->fileuserdata       = 000000004630BD38
[LOG] SystemI::createSoundInternal             : exinfo->initialseekpostype = 1
[LOG] SystemI::DSPCodecPoolRegister            : register codec pool for pool type 5
[LOG] SystemI::createSoundInternal             : Sample 0/1: name='PlayerJumpPH1.3', format=2, channels=2, frequency=48000, lengthbytes=5376, lengthpcm=27000, pcmblocksize=0, loopstart=0, loopend=0, mode=0x00000000, channelmask=0x00000000, channelorder=0, peakvolume=0.087677.
[LOG] Manager::readBank                        : fileversion = 100, compatVersion = 99 (oldest = 44, newest = 100)
[LOG] SoundI::release                          : ATLAS_MUSIC_Minimal Version (D) 7_8 V2.1.1 (0000000046273878)
[LOG] SoundI::release                          :     ATLAS_MUSIC_Minimal Version (D) 7_8 V2.1.1 (000000001DF00B68)
[LOG] SoundI::release                          :     ATLAS_MUSIC_Minimal Version (D) 7_8 V2.1.1 (0000000046273F38)
[LOG] SoundI::release                          :  (0000000045AEDA48)
[LOG] SoundI::release                          :     PlayerTakeDmg1.1 (000000004EE57888)
[LOG] SoundI::release                          :  (0000000045AEE8A8)
[LOG] SoundI::release                          :     PlayerTakeDmg1.2 (000000004EE57BC8)
[LOG] SoundI::release                          :  (000000004F0C9328)
[LOG] SoundI::release                          :     PlayerTakeDmg1.3 (000000004EE580A8)
[LOG] SoundI::release                          :  (000000004F641F18)
[LOG] SoundI::release                          :     PlayerTakeDmg1.4 (000000004EE57A28)
[LOG] SoundI::release                          :  (000000004F0C9778)
[LOG] SoundI::release                          :     GunHeavyBulletImpactBossPH1.1 (000000004EE57D68)
[LOG] SoundI::release                          :  (000000004F641C38)
[LOG] SoundI::release                          :     GunHeavyBulletImpactBossPH1.2 (000000004EE57548)
[LOG] SoundI::release                          :  (000000004F0C9A58)
[LOG] SoundI::release                          :     GunHeavyBulletImpactBossPH1.3 (000000004EE58248)
[LOG] SoundI::release                          :  (000000004F641AC8)
[LOG] SoundI::release                          :     GunHeavyBulletImpactBossPH1.4 (000000004EE56B88)
[LOG] SoundI::release                          :  (000000004F641678)
[LOG] SoundI::release                          :     PlayerJumpPH1.1 (000000004EE56D28)
[LOG] SoundI::release                          :  (000000004F641398)
[LOG] SoundI::release                          :     PlayerJumpPH1.2 (000000004EE56EC8)
[LOG] SoundI::release                          :  (000000004F642088)
[LOG] SoundI::release                          :     PlayerJumpPH1.3 (000000004EE57068)
[LOG] SoundI::release                          :  (000000004F0C91B8)
[LOG] SoundI::release                          :     GunHeavyShotPH (000000004EE58728)
[LOG] SoundI::release                          :  (000000004F0C9048)
[LOG] SoundI::release                          :     PlasmaGunShotRel1.1 (000000004EE57F08)
[LOG] SoundI::release                          :  (000000004F0C9EA8)
[LOG] SoundI::release                          :     PlasmaGunShotRel1.2 (000000004EE57208)
[LOG] SoundI::release                          :  (000000004F0C8D68)
[LOG] SoundI::release                          :     PlasmaGunShotAtk1.2 (000000004EE573A8)
[LOG] SoundI::release                          :  (000000004F0C8A88)
[LOG] SoundI::release                          :     PlasmaGunShotAtk1.3 (000000004EE588C8)
[LOG] SoundI::release                          :  (000000004F0C9498)
[LOG] SoundI::release                          :     PlasmaGunShotRel1.3 (000000004EE583E8)
[LOG] SoundI::release                          :  (000000004F0C9608)
[LOG] SoundI::release                          :     PlasmaGunShotAtk1.1 (000000004EE58588)
[LOG] Thread::callback                         : FMOD Studio update thread finished.
[LOG] Thread::callback                         : FMOD Studio bank load thread finished.
[LOG] Profile::disconnectAll                   : Profiler disconnecting all clients
[LOG] Thread::callback                         : FMOD Studio sample load thread finished.
[LOG] LiveUpdate::release                      : 
[LOG] LiveUpdate::reset                        : Reset connection (reason Disconnected)
[LOG] Thread::callback                         : FMOD stream thread finished.
[LOG] Thread::callback                         : FMOD mixer thread finished.
[LOG] Profile::disconnectAll                   : Profiler disconnecting all clients
[LOG] SystemI::close                           : Closed.
[LOG] Manager::readBank                        : fileversion = 100, compatVersion = 99 (oldest = 44, newest = 100)
[LOG] Manager::readBank                        : fileversion = 100, compatVersion = 99 (oldest = 44, newest = 100)
[LOG] Manager::readBank                        : fileversion = 100, compatVersion = 99 (oldest = 44, newest = 100)
[LOG] Manager::readBank                        : fileversion = 100, compatVersion = 99 (oldest = 44, newest = 100)
[LOG] Manager::readBank                        : fileversion = 100, compatVersion = 99 (oldest = 44, newest = 100)
[LOG] Manager::readBank                        : fileversion = 100, compatVersion = 99 (oldest = 44, newest = 100)
[LOG] PlaybackSystem::acquireMasterBus         : Setting master channel group format to 6
