[LOG] System::create                           : Header version = 1.10.05. Current version = 1.10.05.
[LOG] SystemI::setOutputInternal               : Setting output to 'FMOD WASAPI Output'
[LOG] Manager::init                            : maxchannels = 1024 studioflags = 00000009 flags 00000000 extradriverdata 0000000000000000.
[LOG] SystemI::init                            : Initialize version=11005 (94661), maxchannels=1024, flags=0x00030000
[WRN] SystemI::init                            : No output sound devices found - switching output mode to FMOD_OUTPUTTYPE_NOSOUND
[LOG] SystemI::setOutputInternal               : Setting output to 'FMOD NoSound Output'
[LOG] OutputNoSound::init                      : Initializing.
[LOG] OutputNoSound::init                      : Done.
[LOG] Thread::initThread                       : Init FMOD stream thread. Priority: 2, Stack Size: 65536, Semaphore: No, Sleep Time: 10, Looping: Yes.
[LOG] SystemI::DSPCodecPoolRegister            : register codec pool for pool type 5
[LOG] Thread::initThread                       : Init FMOD mixer thread. Priority: 3, Stack Size: 49152, Semaphore: No, Sleep Time: 7, Looping: Yes.
[LOG] AsyncManager::init                       : manager 0000000044502B18 isAsync 1 updatePeriod 0.02
[LOG] Thread::initThread                       : Init FMOD Studio update thread. Priority: 0, Stack Size: 65536, Semaphore: No, Sleep Time: 1, Looping: No.
[LOG] AsyncManager::init                       : done
[LOG] PlaybackSystem::init                     : 
[LOG] Thread::initThread                       : Init FMOD Studio sample load thread. Priority: 0, Stack Size: 65536, Semaphore: No, Sleep Time: 1, Looping: No.
[LOG] PlaybackSystem::init                     : done
[LOG] LiveUpdate::init                         : 
[LOG] Thread::initThread                       : Init FMOD Studio bank load thread. Priority: 0, Stack Size: 65536, Semaphore: No, Sleep Time: 1, Looping: No.
[LOG] Manager::init                            : done.
[LOG] Profile::init                            : Profiler listening on port: 9264
[LOG] Manager::readBank                        : fileversion = 100, compatVersion = 99 (oldest = 44, newest = 100)
[LOG] Manager::readBank                        : fileversion = 100, compatVersion = 99 (oldest = 44, newest = 100)
[LOG] PlaybackSystem::acquireMasterBus         : Setting master channel group format to 3
[LOG] SystemI::createSoundInternal             : Create name='', mode=0x02000202
[LOG] SystemI::createSoundInternal             : exinfo->cbsize             = 232
[LOG] SystemI::createSoundInternal             : exinfo->length             = 24820896
[LOG] SystemI::createSoundInternal             : exinfo->fileoffset         = 167200
[LOG] SystemI::createSoundInternal             : exinfo->numsubsounds       = 1
[LOG] SystemI::createSoundInternal             : exinfo->inclusionlist      = 000000005970F5FC
[LOG] SystemI::createSoundInternal             : exinfo->inclusionlistnum   = 1
[LOG] SystemI::createSoundInternal             : exinfo->suggestedsoundtype = 5
[LOG] SystemI::createSoundInternal             : exinfo->useropen           = 00007FFB875AE4B0
[LOG] SystemI::createSoundInternal             : exinfo->userclose          = 00007FFB875AE480
[LOG] SystemI::createSoundInternal             : exinfo->userread           = 00007FFB875AE580
[LOG] SystemI::createSoundInternal             : exinfo->userseek           = 00007FFB875AE640
[LOG] SystemI::createSoundInternal             : exinfo->fileuserdata       = 0000000044431628
[LOG] SystemI::createSoundInternal             : exinfo->initialseekpostype = 1
[LOG] SystemI::DSPCodecPoolRegister            : register codec pool for pool type 5
[LOG] SystemI::createSoundInternal             : Sample 0/1: name='BossSweep 1.2', format=2, channels=2, frequency=48000, lengthbytes=22720, lengthpcm=96000, pcmblocksize=0, loopstart=0, loopend=0, mode=0x00000000, channelmask=0x00000000, channelorder=0, peakvolume=0.717865.
[LOG] SystemI::createSoundInternal             : Create name='', mode=0x02000202
[LOG] SystemI::createSoundInternal             : exinfo->cbsize             = 232
[LOG] SystemI::createSoundInternal             : exinfo->length             = 24820896
[LOG] SystemI::createSoundInternal             : exinfo->fileoffset         = 167200
[LOG] SystemI::createSoundInternal             : exinfo->numsubsounds       = 1
[LOG] SystemI::createSoundInternal             : exinfo->inclusionlist      = 000000005970F5FC
[LOG] SystemI::createSoundInternal             : exinfo->inclusionlistnum   = 1
[LOG] SystemI::createSoundInternal             : exinfo->suggestedsoundtype = 5
[LOG] SystemI::createSoundInternal             : exinfo->useropen           = 00007FFB875AE4B0
[LOG] SystemI::createSoundInternal             : exinfo->userclose          = 00007FFB875AE480
[LOG] SystemI::createSoundInternal             : exinfo->userread           = 00007FFB875AE580
[LOG] SystemI::createSoundInternal             : exinfo->userseek           = 00007FFB875AE640
[LOG] SystemI::createSoundInternal             : exinfo->fileuserdata       = 0000000044431628
[LOG] SystemI::createSoundInternal             : exinfo->initialseekpostype = 1
[LOG] SystemI::DSPCodecPoolRegister            : register codec pool for pool type 5
[LOG] SystemI::createSoundInternal             : Sample 0/1: name='GeyserExplosion 1.3', format=2, channels=2, frequency=48000, lengthbytes=46976, lengthpcm=192000, pcmblocksize=0, loopstart=0, loopend=0, mode=0x00000000, channelmask=0x00000000, channelorder=0, peakvolume=0.375671.
[LOG] SystemI::createSoundInternal             : Create name='', mode=0x02000202
[LOG] SystemI::createSoundInternal             : exinfo->cbsize             = 232
[LOG] SystemI::createSoundInternal             : exinfo->length             = 24820896
[LOG] SystemI::createSoundInternal             : exinfo->fileoffset         = 167200
[LOG] SystemI::createSoundInternal             : exinfo->numsubsounds       = 1
[LOG] SystemI::createSoundInternal             : exinfo->inclusionlist      = 000000005970F5FC
[LOG] SystemI::createSoundInternal             : exinfo->inclusionlistnum   = 1
[LOG] SystemI::createSoundInternal             : exinfo->suggestedsoundtype = 5
[LOG] SystemI::createSoundInternal             : exinfo->useropen           = 00007FFB875AE4B0
[LOG] SystemI::createSoundInternal             : exinfo->userclose          = 00007FFB875AE480
[LOG] SystemI::createSoundInternal             : exinfo->userread           = 00007FFB875AE580
[LOG] SystemI::createSoundInternal             : exinfo->userseek           = 00007FFB875AE640
[LOG] SystemI::createSoundInternal             : exinfo->fileuserdata       = 0000000044431628
[LOG] SystemI::createSoundInternal             : exinfo->initialseekpostype = 1
[LOG] SystemI::DSPCodecPoolRegister            : register codec pool for pool type 5
[LOG] SystemI::createSoundInternal             : Sample 0/1: name='ClearRocks 1.2', format=2, channels=2, frequency=48000, lengthbytes=23040, lengthpcm=96000, pcmblocksize=0, loopstart=0, loopend=0, mode=0x00000000, channelmask=0x00000000, channelorder=0, peakvolume=0.962006.
[LOG] SystemI::createSoundInternal             : Create name='', mode=0x02000202
[LOG] SystemI::createSoundInternal             : exinfo->cbsize             = 232
[LOG] SystemI::createSoundInternal             : exinfo->length             = 24820896
[LOG] SystemI::createSoundInternal             : exinfo->fileoffset         = 167200
[LOG] SystemI::createSoundInternal             : exinfo->numsubsounds       = 1
[LOG] SystemI::createSoundInternal             : exinfo->inclusionlist      = 000000005970F5FC
[LOG] SystemI::createSoundInternal             : exinfo->inclusionlistnum   = 1
[LOG] SystemI::createSoundInternal             : exinfo->suggestedsoundtype = 5
[LOG] SystemI::createSoundInternal             : exinfo->useropen           = 00007FFB875AE4B0
[LOG] SystemI::createSoundInternal             : exinfo->userclose          = 00007FFB875AE480
[LOG] SystemI::createSoundInternal             : exinfo->userread           = 00007FFB875AE580
[LOG] SystemI::createSoundInternal             : exinfo->userseek           = 00007FFB875AE640
[LOG] SystemI::createSoundInternal             : exinfo->fileuserdata       = 0000000044431628
[LOG] SystemI::createSoundInternal             : exinfo->initialseekpostype = 1
[LOG] SystemI::DSPCodecPoolRegister            : register codec pool for pool type 5
[LOG] SystemI::createSoundInternal             : Sample 0/1: name='GeyserExplosion 1.1', format=2, channels=2, frequency=48000, lengthbytes=48320, lengthpcm=192000, pcmblocksize=0, loopstart=0, loopend=0, mode=0x00000000, channelmask=0x00000000, channelorder=0, peakvolume=0.344574.
[LOG] SystemI::createSoundInternal             : Create name='', mode=0x02000202
[LOG] SystemI::createSoundInternal             : exinfo->cbsize             = 232
[LOG] SystemI::createSoundInternal             : exinfo->length             = 24820896
[LOG] SystemI::createSoundInternal             : exinfo->fileoffset         = 167200
[LOG] SystemI::createSoundInternal             : exinfo->numsubsounds       = 1
[LOG] SystemI::createSoundInternal             : exinfo->inclusionlist      = 000000005970F5FC
[LOG] SystemI::createSoundInternal             : exinfo->inclusionlistnum   = 1
[LOG] SystemI::createSoundInternal             : exinfo->suggestedsoundtype = 5
[LOG] SystemI::createSoundInternal             : exinfo->useropen           = 00007FFB875AE4B0
[LOG] SystemI::createSoundInternal             : exinfo->userclose          = 00007FFB875AE480
[LOG] SystemI::createSoundInternal             : exinfo->userread           = 00007FFB875AE580
[LOG] SystemI::createSoundInternal             : exinfo->userseek           = 00007FFB875AE640
[LOG] SystemI::createSoundInternal             : exinfo->fileuserdata       = 0000000044431628
[LOG] SystemI::createSoundInternal             : exinfo->initialseekpostype = 1
[LOG] SystemI::DSPCodecPoolRegister            : register codec pool for pool type 5
[LOG] SystemI::createSoundInternal             : Sample 0/1: name='Geyser1.2', format=2, channels=2, frequency=48000, lengthbytes=51264, lengthpcm=192000, pcmblocksize=0, loopstart=0, loopend=0, mode=0x00000000, channelmask=0x00000000, channelorder=0, peakvolume=0.196427.
[LOG] SystemI::createSoundInternal             : Create name='', mode=0x02000202
[LOG] SystemI::createSoundInternal             : exinfo->cbsize             = 232
[LOG] SystemI::createSoundInternal             : exinfo->length             = 24820896
[LOG] SystemI::createSoundInternal             : exinfo->fileoffset         = 167200
[LOG] SystemI::createSoundInternal             : exinfo->numsubsounds       = 1
[LOG] SystemI::createSoundInternal             : exinfo->inclusionlist      = 000000005970F5FC
[LOG] SystemI::createSoundInternal             : exinfo->inclusionlistnum   = 1
[LOG] SystemI::createSoundInternal             : exinfo->suggestedsoundtype = 5
[LOG] SystemI::createSoundInternal             : exinfo->useropen           = 00007FFB875AE4B0
[LOG] SystemI::createSoundInternal             : exinfo->userclose          = 00007FFB875AE480
[LOG] SystemI::createSoundInternal             : exinfo->userread           = 00007FFB875AE580
[LOG] SystemI::createSoundInternal             : exinfo->userseek           = 00007FFB875AE640
[LOG] SystemI::createSoundInternal             : exinfo->fileuserdata       = 0000000044431628
[LOG] SystemI::createSoundInternal             : exinfo->initialseekpostype = 1
[LOG] SystemI::DSPCodecPoolRegister            : register codec pool for pool type 5
[LOG] SystemI::createSoundInternal             : Sample 0/1: name='ClearRocks 1.1', format=2, channels=2, frequency=48000, lengthbytes=21728, lengthpcm=96000, pcmblocksize=0, loopstart=0, loopend=0, mode=0x00000000, channelmask=0x00000000, channelorder=0, peakvolume=0.650116.
[LOG] SystemI::createSoundInternal             : Create name='', mode=0x02000202
[LOG] SystemI::createSoundInternal             : exinfo->cbsize             = 232
[LOG] SystemI::createSoundInternal             : exinfo->length             = 24820896
[LOG] SystemI::createSoundInternal             : exinfo->fileoffset         = 167200
[LOG] SystemI::createSoundInternal             : exinfo->numsubsounds       = 1
[LOG] SystemI::createSoundInternal             : exinfo->inclusionlist      = 000000005970F5FC
[LOG] SystemI::createSoundInternal             : exinfo->inclusionlistnum   = 1
[LOG] SystemI::createSoundInternal             : exinfo->suggestedsoundtype = 5
[LOG] SystemI::createSoundInternal             : exinfo->useropen           = 00007FFB875AE4B0
[LOG] SystemI::createSoundInternal             : exinfo->userclose          = 00007FFB875AE480
[LOG] SystemI::createSoundInternal             : exinfo->userread           = 00007FFB875AE580
[LOG] SystemI::createSoundInternal             : exinfo->userseek           = 00007FFB875AE640
[LOG] SystemI::createSoundInternal             : exinfo->fileuserdata       = 0000000044431628
[LOG] SystemI::createSoundInternal             : exinfo->initialseekpostype = 1
[LOG] SystemI::DSPCodecPoolRegister            : register codec pool for pool type 5
[LOG] SystemI::createSoundInternal             : Sample 0/1: name='GeyserExplosion 1.2', format=2, channels=2, frequency=48000, lengthbytes=46880, lengthpcm=192000, pcmblocksize=0, loopstart=0, loopend=0, mode=0x00000000, channelmask=0x00000000, channelorder=0, peakvolume=0.331207.
[LOG] SystemI::createSoundInternal             : Create name='', mode=0x02000202
[LOG] SystemI::createSoundInternal             : exinfo->cbsize             = 232
[LOG] SystemI::createSoundInternal             : exinfo->length             = 24820896
[LOG] SystemI::createSoundInternal             : exinfo->fileoffset         = 167200
[LOG] SystemI::createSoundInternal             : exinfo->numsubsounds       = 1
[LOG] SystemI::createSoundInternal             : exinfo->inclusionlist      = 000000005970F5FC
[LOG] SystemI::createSoundInternal             : exinfo->inclusionlistnum   = 1
[LOG] SystemI::createSoundInternal             : exinfo->suggestedsoundtype = 5
[LOG] SystemI::createSoundInternal             : exinfo->useropen           = 00007FFB875AE4B0
[LOG] SystemI::createSoundInternal             : exinfo->userclose          = 00007FFB875AE480
[LOG] SystemI::createSoundInternal             : exinfo->userread           = 00007FFB875AE580
[LOG] SystemI::createSoundInternal             : exinfo->userseek           = 00007FFB875AE640
[LOG] SystemI::createSoundInternal             : exinfo->fileuserdata       = 0000000044431628
[LOG] SystemI::createSoundInternal             : exinfo->initialseekpostype = 1
[LOG] SystemI::DSPCodecPoolRegister            : register codec pool for pool type 5
[LOG] SystemI::createSoundInternal             : Sample 0/1: name='Geyser1.1', format=2, channels=2, frequency=48000, lengthbytes=47232, lengthpcm=192000, pcmblocksize=0, loopstart=0, loopend=0, mode=0x00000000, channelmask=0x00000000, channelorder=0, peakvolume=0.235962.
[LOG] SystemI::createSoundInternal             : Create name='', mode=0x02000202
[LOG] SystemI::createSoundInternal             : exinfo->cbsize             = 232
[LOG] SystemI::createSoundInternal             : exinfo->length             = 24820896
[LOG] SystemI::createSoundInternal             : exinfo->fileoffset         = 167200
[LOG] SystemI::createSoundInternal             : exinfo->numsubsounds       = 1
[LOG] SystemI::createSoundInternal             : exinfo->inclusionlist      = 000000005970F5FC
[LOG] SystemI::createSoundInternal             : exinfo->inclusionlistnum   = 1
[LOG] SystemI::createSoundInternal             : exinfo->suggestedsoundtype = 5
[LOG] SystemI::createSoundInternal             : exinfo->useropen           = 00007FFB875AE4B0
[LOG] SystemI::createSoundInternal             : exinfo->userclose          = 00007FFB875AE480
[LOG] SystemI::createSoundInternal             : exinfo->userread           = 00007FFB875AE580
[LOG] SystemI::createSoundInternal             : exinfo->userseek           = 00007FFB875AE640
[LOG] SystemI::createSoundInternal             : exinfo->fileuserdata       = 0000000044431628
[LOG] SystemI::createSoundInternal             : exinfo->initialseekpostype = 1
[LOG] SystemI::DSPCodecPoolRegister            : register codec pool for pool type 5
[LOG] SystemI::createSoundInternal             : Sample 0/1: name='GeyserParticles 1.6', format=2, channels=2, frequency=48000, lengthbytes=11264, lengthpcm=96000, pcmblocksize=0, loopstart=0, loopend=0, mode=0x00000000, channelmask=0x00000000, channelorder=0, peakvolume=0.362640.
[LOG] SystemI::createSoundInternal             : Create name='', mode=0x02000202
[LOG] SystemI::createSoundInternal             : exinfo->cbsize             = 232
[LOG] SystemI::createSoundInternal             : exinfo->length             = 24820896
[LOG] SystemI::createSoundInternal             : exinfo->fileoffset         = 167200
[LOG] SystemI::createSoundInternal             : exinfo->numsubsounds       = 1
[LOG] SystemI::createSoundInternal             : exinfo->inclusionlist      = 000000005970F5FC
[LOG] SystemI::createSoundInternal             : exinfo->inclusionlistnum   = 1
[LOG] SystemI::createSoundInternal             : exinfo->suggestedsoundtype = 5
[LOG] SystemI::createSoundInternal             : exinfo->useropen           = 00007FFB875AE4B0
[LOG] SystemI::createSoundInternal             : exinfo->userclose          = 00007FFB875AE480
[LOG] SystemI::createSoundInternal             : exinfo->userread           = 00007FFB875AE580
[LOG] SystemI::createSoundInternal             : exinfo->userseek           = 00007FFB875AE640
[LOG] SystemI::createSoundInternal             : exinfo->fileuserdata       = 0000000044431628
[LOG] SystemI::createSoundInternal             : exinfo->initialseekpostype = 1
[LOG] SystemI::DSPCodecPoolRegister            : register codec pool for pool type 5
[LOG] SystemI::createSoundInternal             : Sample 0/1: name='Geyser1.3', format=2, channels=2, frequency=48000, lengthbytes=35040, lengthpcm=192000, pcmblocksize=0, loopstart=0, loopend=0, mode=0x00000000, channelmask=0x00000000, channelorder=0, peakvolume=0.260816.
[LOG] SystemI::createSoundInternal             : Create name='', mode=0x02000202
[LOG] SystemI::createSoundInternal             : exinfo->cbsize             = 232
[LOG] SystemI::createSoundInternal             : exinfo->length             = 24820896
[LOG] SystemI::createSoundInternal             : exinfo->fileoffset         = 167200
[LOG] SystemI::createSoundInternal             : exinfo->numsubsounds       = 1
[LOG] SystemI::createSoundInternal             : exinfo->inclusionlist      = 000000005970F5FC
[LOG] SystemI::createSoundInternal             : exinfo->inclusionlistnum   = 1
[LOG] SystemI::createSoundInternal             : exinfo->suggestedsoundtype = 5
[LOG] SystemI::createSoundInternal             : exinfo->useropen           = 00007FFB875AE4B0
[LOG] SystemI::createSoundInternal             : exinfo->userclose          = 00007FFB875AE480
[LOG] SystemI::createSoundInternal             : exinfo->userread           = 00007FFB875AE580
[LOG] SystemI::createSoundInternal             : exinfo->userseek           = 00007FFB875AE640
[LOG] SystemI::createSoundInternal             : exinfo->fileuserdata       = 0000000044431628
[LOG] SystemI::createSoundInternal             : exinfo->initialseekpostype = 1
[LOG] SystemI::DSPCodecPoolRegister            : register codec pool for pool type 5
[LOG] SystemI::createSoundInternal             : Sample 0/1: name='GeyserParticles 1.2', format=2, channels=2, frequency=48000, lengthbytes=10944, lengthpcm=96000, pcmblocksize=0, loopstart=0, loopend=0, mode=0x00000000, channelmask=0x00000000, channelorder=0, peakvolume=0.438477.
[LOG] SystemI::createSoundInternal             : Create name='', mode=0x02000202
[LOG] SystemI::createSoundInternal             : exinfo->cbsize             = 232
[LOG] SystemI::createSoundInternal             : exinfo->length             = 24820896
[LOG] SystemI::createSoundInternal             : exinfo->fileoffset         = 167200
[LOG] SystemI::createSoundInternal             : exinfo->numsubsounds       = 1
[LOG] SystemI::createSoundInternal             : exinfo->inclusionlist      = 000000005970F5FC
[LOG] SystemI::createSoundInternal             : exinfo->inclusionlistnum   = 1
[LOG] SystemI::createSoundInternal             : exinfo->suggestedsoundtype = 5
[LOG] SystemI::createSoundInternal             : exinfo->useropen           = 00007FFB875AE4B0
[LOG] SystemI::createSoundInternal             : exinfo->userclose          = 00007FFB875AE480
[LOG] SystemI::createSoundInternal             : exinfo->userread           = 00007FFB875AE580
[LOG] SystemI::createSoundInternal             : exinfo->userseek           = 00007FFB875AE640
[LOG] SystemI::createSoundInternal             : exinfo->fileuserdata       = 0000000044431628
[LOG] SystemI::createSoundInternal             : exinfo->initialseekpostype = 1
[LOG] SystemI::DSPCodecPoolRegister            : register codec pool for pool type 5
[LOG] SystemI::createSoundInternal             : Sample 0/1: name='GeyserParticles 1.4', format=2, channels=2, frequency=48000, lengthbytes=11264, lengthpcm=96000, pcmblocksize=0, loopstart=0, loopend=0, mode=0x00000000, channelmask=0x00000000, channelorder=0, peakvolume=0.463745.
[LOG] SystemI::createSoundInternal             : Create name='', mode=0x02000202
[LOG] SystemI::createSoundInternal             : exinfo->cbsize             = 232
[LOG] SystemI::createSoundInternal             : exinfo->length             = 24820896
[LOG] SystemI::createSoundInternal             : exinfo->fileoffset         = 167200
[LOG] SystemI::createSoundInternal             : exinfo->numsubsounds       = 1
[LOG] SystemI::createSoundInternal             : exinfo->inclusionlist      = 000000005970F5FC
[LOG] SystemI::createSoundInternal             : exinfo->inclusionlistnum   = 1
[LOG] SystemI::createSoundInternal             : exinfo->suggestedsoundtype = 5
[LOG] SystemI::createSoundInternal             : exinfo->useropen           = 00007FFB875AE4B0
[LOG] SystemI::createSoundInternal             : exinfo->userclose          = 00007FFB875AE480
[LOG] SystemI::createSoundInternal             : exinfo->userread           = 00007FFB875AE580
[LOG] SystemI::createSoundInternal             : exinfo->userseek           = 00007FFB875AE640
[LOG] SystemI::createSoundInternal             : exinfo->fileuserdata       = 0000000044431628
[LOG] SystemI::createSoundInternal             : exinfo->initialseekpostype = 1
[LOG] SystemI::DSPCodecPoolRegister            : register codec pool for pool type 5
[LOG] SystemI::createSoundInternal             : Sample 0/1: name='GeyserParticles 1.1', format=2, channels=2, frequency=48000, lengthbytes=11136, lengthpcm=96000, pcmblocksize=0, loopstart=0, loopend=0, mode=0x00000000, channelmask=0x00000000, channelorder=0, peakvolume=0.251282.
[LOG] SystemI::createSoundInternal             : Create name='', mode=0x02000202
[LOG] SystemI::createSoundInternal             : exinfo->cbsize             = 232
[LOG] SystemI::createSoundInternal             : exinfo->length             = 24820896
[LOG] SystemI::createSoundInternal             : exinfo->fileoffset         = 167200
[LOG] SystemI::createSoundInternal             : exinfo->numsubsounds       = 1
[LOG] SystemI::createSoundInternal             : exinfo->inclusionlist      = 000000005970F5FC
[LOG] SystemI::createSoundInternal             : exinfo->inclusionlistnum   = 1
[LOG] SystemI::createSoundInternal             : exinfo->suggestedsoundtype = 5
[LOG] SystemI::createSoundInternal             : exinfo->useropen           = 00007FFB875AE4B0
[LOG] SystemI::createSoundInternal             : exinfo->userclose          = 00007FFB875AE480
[LOG] SystemI::createSoundInternal             : exinfo->userread           = 00007FFB875AE580
[LOG] SystemI::createSoundInternal             : exinfo->userseek           = 00007FFB875AE640
[LOG] SystemI::createSoundInternal             : exinfo->fileuserdata       = 0000000044431628
[LOG] SystemI::createSoundInternal             : exinfo->initialseekpostype = 1
[LOG] SystemI::DSPCodecPoolRegister            : register codec pool for pool type 5
[LOG] SystemI::createSoundInternal             : Sample 0/1: name='GeyserParticles 1.3', format=2, channels=2, frequency=48000, lengthbytes=11488, lengthpcm=96000, pcmblocksize=0, loopstart=0, loopend=0, mode=0x00000000, channelmask=0x00000000, channelorder=0, peakvolume=0.356598.
[LOG] SystemI::createSoundInternal             : Create name='', mode=0x02000202
[LOG] SystemI::createSoundInternal             : exinfo->cbsize             = 232
[LOG] SystemI::createSoundInternal             : exinfo->length             = 24820896
[LOG] SystemI::createSoundInternal             : exinfo->fileoffset         = 167200
[LOG] SystemI::createSoundInternal             : exinfo->numsubsounds       = 1
[LOG] SystemI::createSoundInternal             : exinfo->inclusionlist      = 000000005970F5FC
[LOG] SystemI::createSoundInternal             : exinfo->inclusionlistnum   = 1
[LOG] SystemI::createSoundInternal             : exinfo->suggestedsoundtype = 5
[LOG] SystemI::createSoundInternal             : exinfo->useropen           = 00007FFB875AE4B0
[LOG] SystemI::createSoundInternal             : exinfo->userclose          = 00007FFB875AE480
[LOG] SystemI::createSoundInternal             : exinfo->userread           = 00007FFB875AE580
[LOG] SystemI::createSoundInternal             : exinfo->userseek           = 00007FFB875AE640
[LOG] SystemI::createSoundInternal             : exinfo->fileuserdata       = 0000000044431628
[LOG] SystemI::createSoundInternal             : exinfo->initialseekpostype = 1
[LOG] SystemI::DSPCodecPoolRegister            : register codec pool for pool type 5
[LOG] SystemI::createSoundInternal             : Sample 0/1: name='ClearRocks 1.3', format=2, channels=2, frequency=48000, lengthbytes=23712, lengthpcm=96000, pcmblocksize=0, loopstart=0, loopend=0, mode=0x00000000, channelmask=0x00000000, channelorder=0, peakvolume=0.842407.
[LOG] SystemI::createSoundInternal             : Create name='', mode=0x02000202
[LOG] SystemI::createSoundInternal             : exinfo->cbsize             = 232
[LOG] SystemI::createSoundInternal             : exinfo->length             = 24820896
[LOG] SystemI::createSoundInternal             : exinfo->fileoffset         = 167200
[LOG] SystemI::createSoundInternal             : exinfo->numsubsounds       = 1
[LOG] SystemI::createSoundInternal             : exinfo->inclusionlist      = 000000005970F5FC
[LOG] SystemI::createSoundInternal             : exinfo->inclusionlistnum   = 1
[LOG] SystemI::createSoundInternal             : exinfo->suggestedsoundtype = 5
[LOG] SystemI::createSoundInternal             : exinfo->useropen           = 00007FFB875AE4B0
[LOG] SystemI::createSoundInternal             : exinfo->userclose          = 00007FFB875AE480
[LOG] SystemI::createSoundInternal             : exinfo->userread           = 00007FFB875AE580
[LOG] SystemI::createSoundInternal             : exinfo->userseek           = 00007FFB875AE640
[LOG] SystemI::createSoundInternal             : exinfo->fileuserdata       = 0000000044431628
[LOG] SystemI::createSoundInternal             : exinfo->initialseekpostype = 1
[LOG] SystemI::DSPCodecPoolRegister            : register codec pool for pool type 5
[LOG] SystemI::createSoundInternal             : Sample 0/1: name='GeyserParticles 1.5', format=2, channels=2, frequency=48000, lengthbytes=11360, lengthpcm=96000, pcmblocksize=0, loopstart=0, loopend=0, mode=0x00000000, channelmask=0x00000000, channelorder=0, peakvolume=0.416779.
[LOG] SystemI::createSoundInternal             : Create name='', mode=0x02000202
[LOG] SystemI::createSoundInternal             : exinfo->cbsize             = 232
[LOG] SystemI::createSoundInternal             : exinfo->length             = 24820896
[LOG] SystemI::createSoundInternal             : exinfo->fileoffset         = 167200
[LOG] SystemI::createSoundInternal             : exinfo->numsubsounds       = 1
[LOG] SystemI::createSoundInternal             : exinfo->inclusionlist      = 000000005970F5FC
[LOG] SystemI::createSoundInternal             : exinfo->inclusionlistnum   = 1
[LOG] SystemI::createSoundInternal             : exinfo->suggestedsoundtype = 5
[LOG] SystemI::createSoundInternal             : exinfo->useropen           = 00007FFB875AE4B0
[LOG] SystemI::createSoundInternal             : exinfo->userclose          = 00007FFB875AE480
[LOG] SystemI::createSoundInternal             : exinfo->userread           = 00007FFB875AE580
[LOG] SystemI::createSoundInternal             : exinfo->userseek           = 00007FFB875AE640
[LOG] SystemI::createSoundInternal             : exinfo->fileuserdata       = 0000000044431628
[LOG] SystemI::createSoundInternal             : exinfo->initialseekpostype = 1
[LOG] SystemI::DSPCodecPoolRegister            : register codec pool for pool type 5
[LOG] SystemI::createSoundInternal             : Sample 0/1: name='BossSweep 1.4', format=2, channels=2, frequency=48000, lengthbytes=19136, lengthpcm=96000, pcmblocksize=0, loopstart=0, loopend=0, mode=0x00000000, channelmask=0x00000000, channelorder=0, peakvolume=0.639648.
[LOG] SystemI::createSound                     : filename = Assets\FMOD_Build\Desktop/Master Bank.bank : mode 02010082
[LOG] SystemI::createSound                     : FMOD_NONBLOCKING specified.  Putting into queue to be opened asynchronously!
[LOG] Thread::initThread                       : Init FMOD nonblocking thread (0). Priority: 1, Stack Size: 81920, Semaphore: Yes, Sleep Time: 0, Looping: Yes.
[LOG] SystemI::createSound                     : setdata soundi = 0000000044284538 : node = 0000000011719FC0
[LOG] SystemI::createSound                     : add node to async list : head = 000000005997D548.  list count = 0
[LOG] AsyncThread::threadFunc                  : Starting Asynchronous operation on sound 0000000044284538
[LOG] SystemI::createSoundInternal             :     Create name='Assets\FMOD_Build\Desktop/Master Bank.bank', mode=0x02010082
[LOG] SystemI::createSoundInternal             :     exinfo->cbsize             = 232
[LOG] SystemI::createSoundInternal             :     exinfo->length             = 24820896
[LOG] SystemI::createSoundInternal             :     exinfo->fileoffset         = 167200
[LOG] SystemI::createSoundInternal             :     exinfo->numsubsounds       = 1
[LOG] SystemI::createSoundInternal             :     exinfo->inclusionlist      = 000000001171A0D8
[LOG] SystemI::createSoundInternal             :     exinfo->inclusionlistnum   = 1
[LOG] SystemI::createSoundInternal             :     exinfo->suggestedsoundtype = 5
[LOG] SystemI::createSoundInternal             :     exinfo->initialseekposition = 12000
[LOG] SystemI::createSoundInternal             :     exinfo->initialseekpostype = 1
[LOG] SystemI::createSoundInternal             :     Stream 0/1: name='LavaAmbience', format=2, channels=2, frequency=48000, lengthbytes=622240, lengthpcm=2304000, pcmblocksize=0, loopstart=0, loopend=0, mode=0x00000000, channelmask=0x00000000, channelorder=0, peakvolume=0.323547.
[LOG] Thread::initThread                       :     Init FMOD file thread. Priority: 1, Stack Size: 16384, Semaphore: No, Sleep Time: 10, Looping: Yes.
[LOG] AsyncThread::threadFunc                  : Finished Asynchronous operation on sound 0000000044284538
[LOG] SoundI::getSubSound                      : sound 0000000044284538.  Subsound index 0 / 1
[LOG] AsyncThread::threadFunc                  : Starting Asynchronous operation on sound 0000000044284F58
[LOG] AsyncThread::threadFunc                  : Finished Asynchronous operation on sound 0000000044284F58
[LOG] SystemI::createSoundInternal             : Create name='', mode=0x02000202
[LOG] SystemI::createSoundInternal             : exinfo->cbsize             = 232
[LOG] SystemI::createSoundInternal             : exinfo->length             = 24820896
[LOG] SystemI::createSoundInternal             : exinfo->fileoffset         = 167200
[LOG] SystemI::createSoundInternal             : exinfo->numsubsounds       = 1
[LOG] SystemI::createSoundInternal             : exinfo->inclusionlist      = 000000005970F5FC
[LOG] SystemI::createSoundInternal             : exinfo->inclusionlistnum   = 1
[LOG] SystemI::createSoundInternal             : exinfo->suggestedsoundtype = 5
[LOG] SystemI::createSoundInternal             : exinfo->useropen           = 00007FFB875AE4B0
[LOG] SystemI::createSoundInternal             : exinfo->userclose          = 00007FFB875AE480
[LOG] SystemI::createSoundInternal             : exinfo->userread           = 00007FFB875AE580
[LOG] SystemI::createSoundInternal             : exinfo->userseek           = 00007FFB875AE640
[LOG] SystemI::createSoundInternal             : exinfo->fileuserdata       = 000000001240CF28
[LOG] SystemI::createSoundInternal             : exinfo->initialseekpostype = 1
[LOG] SystemI::DSPCodecPoolRegister            : register codec pool for pool type 5
[LOG] SystemI::createSoundInternal             : Sample 0/1: name='ChargeHeavyGun 1.2', format=2, channels=2, frequency=48000, lengthbytes=38176, lengthpcm=144000, pcmblocksize=0, loopstart=0, loopend=0, mode=0x00000000, channelmask=0x00000000, channelorder=0, peakvolume=0.206543.
[LOG] SystemI::createSoundInternal             : Create name='', mode=0x02000202
[LOG] SystemI::createSoundInternal             : exinfo->cbsize             = 232
[LOG] SystemI::createSoundInternal             : exinfo->length             = 24820896
[LOG] SystemI::createSoundInternal             : exinfo->fileoffset         = 167200
[LOG] SystemI::createSoundInternal             : exinfo->numsubsounds       = 1
[LOG] SystemI::createSoundInternal             : exinfo->inclusionlist      = 000000005970F5FC
[LOG] SystemI::createSoundInternal             : exinfo->inclusionlistnum   = 1
[LOG] SystemI::createSoundInternal             : exinfo->suggestedsoundtype = 5
[LOG] SystemI::createSoundInternal             : exinfo->useropen           = 00007FFB875AE4B0
[LOG] SystemI::createSoundInternal             : exinfo->userclose          = 00007FFB875AE480
[LOG] SystemI::createSoundInternal             : exinfo->userread           = 00007FFB875AE580
[LOG] SystemI::createSoundInternal             : exinfo->userseek           = 00007FFB875AE640
[LOG] SystemI::createSoundInternal             : exinfo->fileuserdata       = 000000001240CF28
[LOG] SystemI::createSoundInternal             : exinfo->initialseekpostype = 1
[LOG] SystemI::DSPCodecPoolRegister            : register codec pool for pool type 5
[LOG] SystemI::createSoundInternal             : Sample 0/1: name='PlasmaGunRel1.1', format=2, channels=2, frequency=48000, lengthbytes=24576, lengthpcm=96000, pcmblocksize=0, loopstart=0, loopend=0, mode=0x00000000, channelmask=0x00000000, channelorder=0, peakvolume=0.634888.
[LOG] SystemI::createSoundInternal             : Create name='', mode=0x02000202
[LOG] SystemI::createSoundInternal             : exinfo->cbsize             = 232
[LOG] SystemI::createSoundInternal             : exinfo->length             = 24820896
[LOG] SystemI::createSoundInternal             : exinfo->fileoffset         = 167200
[LOG] SystemI::createSoundInternal             : exinfo->numsubsounds       = 1
[LOG] SystemI::createSoundInternal             : exinfo->inclusionlist      = 000000005970F5FC
[LOG] SystemI::createSoundInternal             : exinfo->inclusionlistnum   = 1
[LOG] SystemI::createSoundInternal             : exinfo->suggestedsoundtype = 5
[LOG] SystemI::createSoundInternal             : exinfo->useropen           = 00007FFB875AE4B0
[LOG] SystemI::createSoundInternal             : exinfo->userclose          = 00007FFB875AE480
[LOG] SystemI::createSoundInternal             : exinfo->userread           = 00007FFB875AE580
[LOG] SystemI::createSoundInternal             : exinfo->userseek           = 00007FFB875AE640
[LOG] SystemI::createSoundInternal             : exinfo->fileuserdata       = 000000001240CF28
[LOG] SystemI::createSoundInternal             : exinfo->initialseekpostype = 1
[LOG] SystemI::DSPCodecPoolRegister            : register codec pool for pool type 5
[LOG] SystemI::createSoundInternal             : Sample 0/1: name='PlasmaGunRel1.3', format=2, channels=2, frequency=48000, lengthbytes=25344, lengthpcm=96000, pcmblocksize=0, loopstart=0, loopend=0, mode=0x00000000, channelmask=0x00000000, channelorder=0, peakvolume=0.548035.
[LOG] SystemI::createSoundInternal             : Create name='', mode=0x02000202
[LOG] SystemI::createSoundInternal             : exinfo->cbsize             = 232
[LOG] SystemI::createSoundInternal             : exinfo->length             = 24820896
[LOG] SystemI::createSoundInternal             : exinfo->fileoffset         = 167200
[LOG] SystemI::createSoundInternal             : exinfo->numsubsounds       = 1
[LOG] SystemI::createSoundInternal             : exinfo->inclusionlist      = 000000005970F5FC
[LOG] SystemI::createSoundInternal             : exinfo->inclusionlistnum   = 1
[LOG] SystemI::createSoundInternal             : exinfo->suggestedsoundtype = 5
[LOG] SystemI::createSoundInternal             : exinfo->useropen           = 00007FFB875AE4B0
[LOG] SystemI::createSoundInternal             : exinfo->userclose          = 00007FFB875AE480
[LOG] SystemI::createSoundInternal             : exinfo->userread           = 00007FFB875AE580
[LOG] SystemI::createSoundInternal             : exinfo->userseek           = 00007FFB875AE640
[LOG] SystemI::createSoundInternal             : exinfo->fileuserdata       = 000000001240CF28
[LOG] SystemI::createSoundInternal             : exinfo->initialseekpostype = 1
[LOG] SystemI::DSPCodecPoolRegister            : register codec pool for pool type 5
[LOG] SystemI::createSoundInternal             : Sample 0/1: name='PlasmaGunRel1.2', format=2, channels=2, frequency=48000, lengthbytes=26144, lengthpcm=96000, pcmblocksize=0, loopstart=0, loopend=0, mode=0x00000000, channelmask=0x00000000, channelorder=0, peakvolume=0.587830.
[LOG] SystemI::createSoundInternal             : Create name='', mode=0x02000202
[LOG] SystemI::createSoundInternal             : exinfo->cbsize             = 232
[LOG] SystemI::createSoundInternal             : exinfo->length             = 24820896
[LOG] SystemI::createSoundInternal             : exinfo->fileoffset         = 167200
[LOG] SystemI::createSoundInternal             : exinfo->numsubsounds       = 1
[LOG] SystemI::createSoundInternal             : exinfo->inclusionlist      = 000000005970F5FC
[LOG] SystemI::createSoundInternal             : exinfo->inclusionlistnum   = 1
[LOG] SystemI::createSoundInternal             : exinfo->suggestedsoundtype = 5
[LOG] SystemI::createSoundInternal             : exinfo->useropen           = 00007FFB875AE4B0
[LOG] SystemI::createSoundInternal             : exinfo->userclose          = 00007FFB875AE480
[LOG] SystemI::createSoundInternal             : exinfo->userread           = 00007FFB875AE580
[LOG] SystemI::createSoundInternal             : exinfo->userseek           = 00007FFB875AE640
[LOG] SystemI::createSoundInternal             : exinfo->fileuserdata       = 000000001240CF28
[LOG] SystemI::createSoundInternal             : exinfo->initialseekpostype = 1
[LOG] SystemI::DSPCodecPoolRegister            : register codec pool for pool type 5
[LOG] SystemI::createSoundInternal             : Sample 0/1: name='PlasmaGunShotAtk1.3', format=2, channels=2, frequency=48000, lengthbytes=8672, lengthpcm=96000, pcmblocksize=0, loopstart=0, loopend=0, mode=0x00000000, channelmask=0x00000000, channelorder=0, peakvolume=0.616119.
[LOG] SystemI::createSoundInternal             : Create name='', mode=0x02000202
[LOG] SystemI::createSoundInternal             : exinfo->cbsize             = 232
[LOG] SystemI::createSoundInternal             : exinfo->length             = 24820896
[LOG] SystemI::createSoundInternal             : exinfo->fileoffset         = 167200
[LOG] SystemI::createSoundInternal             : exinfo->numsubsounds       = 1
[LOG] SystemI::createSoundInternal             : exinfo->inclusionlist      = 000000005970F5FC
[LOG] SystemI::createSoundInternal             : exinfo->inclusionlistnum   = 1
[LOG] SystemI::createSoundInternal             : exinfo->suggestedsoundtype = 5
[LOG] SystemI::createSoundInternal             : exinfo->useropen           = 00007FFB875AE4B0
[LOG] SystemI::createSoundInternal             : exinfo->userclose          = 00007FFB875AE480
[LOG] SystemI::createSoundInternal             : exinfo->userread           = 00007FFB875AE580
[LOG] SystemI::createSoundInternal             : exinfo->userseek           = 00007FFB875AE640
[LOG] SystemI::createSoundInternal             : exinfo->fileuserdata       = 000000001240CF28
[LOG] SystemI::createSoundInternal             : exinfo->initialseekpostype = 1
[LOG] SystemI::DSPCodecPoolRegister            : register codec pool for pool type 5
[LOG] SystemI::createSoundInternal             : Sample 0/1: name='ChargeHeavyGun 1.1', format=2, channels=2, frequency=48000, lengthbytes=38112, lengthpcm=144000, pcmblocksize=0, loopstart=0, loopend=0, mode=0x00000000, channelmask=0x00000000, channelorder=0, peakvolume=0.189697.
[LOG] SystemI::createSoundInternal             : Create name='', mode=0x02000202
[LOG] SystemI::createSoundInternal             : exinfo->cbsize             = 232
[LOG] SystemI::createSoundInternal             : exinfo->length             = 24820896
[LOG] SystemI::createSoundInternal             : exinfo->fileoffset         = 167200
[LOG] SystemI::createSoundInternal             : exinfo->numsubsounds       = 1
[LOG] SystemI::createSoundInternal             : exinfo->inclusionlist      = 000000005970F5FC
[LOG] SystemI::createSoundInternal             : exinfo->inclusionlistnum   = 1
[LOG] SystemI::createSoundInternal             : exinfo->suggestedsoundtype = 5
[LOG] SystemI::createSoundInternal             : exinfo->useropen           = 00007FFB875AE4B0
[LOG] SystemI::createSoundInternal             : exinfo->userclose          = 00007FFB875AE480
[LOG] SystemI::createSoundInternal             : exinfo->userread           = 00007FFB875AE580
[LOG] SystemI::createSoundInternal             : exinfo->userseek           = 00007FFB875AE640
[LOG] SystemI::createSoundInternal             : exinfo->fileuserdata       = 000000001240CF28
[LOG] SystemI::createSoundInternal             : exinfo->initialseekpostype = 1
[LOG] SystemI::DSPCodecPoolRegister            : register codec pool for pool type 5
[LOG] SystemI::createSoundInternal             : Sample 0/1: name='PlasmaGunShotAtk1.1', format=2, channels=2, frequency=48000, lengthbytes=8448, lengthpcm=96000, pcmblocksize=0, loopstart=0, loopend=0, mode=0x00000000, channelmask=0x00000000, channelorder=0, peakvolume=0.758667.
[LOG] SystemI::createSoundInternal             : Create name='', mode=0x02000202
[LOG] SystemI::createSoundInternal             : exinfo->cbsize             = 232
[LOG] SystemI::createSoundInternal             : exinfo->length             = 24820896
[LOG] SystemI::createSoundInternal             : exinfo->fileoffset         = 167200
[LOG] SystemI::createSoundInternal             : exinfo->numsubsounds       = 1
[LOG] SystemI::createSoundInternal             : exinfo->inclusionlist      = 000000005970F5FC
[LOG] SystemI::createSoundInternal             : exinfo->inclusionlistnum   = 1
[LOG] SystemI::createSoundInternal             : exinfo->suggestedsoundtype = 5
[LOG] SystemI::createSoundInternal             : exinfo->useropen           = 00007FFB875AE4B0
[LOG] SystemI::createSoundInternal             : exinfo->userclose          = 00007FFB875AE480
[LOG] SystemI::createSoundInternal             : exinfo->userread           = 00007FFB875AE580
[LOG] SystemI::createSoundInternal             : exinfo->userseek           = 00007FFB875AE640
[LOG] SystemI::createSoundInternal             : exinfo->fileuserdata       = 000000001240CF28
[LOG] SystemI::createSoundInternal             : exinfo->initialseekpostype = 1
[LOG] SystemI::DSPCodecPoolRegister            : register codec pool for pool type 5
[LOG] SystemI::createSoundInternal             : Sample 0/1: name='PlasmaGunShotAtk1.2', format=2, channels=2, frequency=48000, lengthbytes=8288, lengthpcm=96000, pcmblocksize=0, loopstart=0, loopend=0, mode=0x00000000, channelmask=0x00000000, channelorder=0, peakvolume=0.687073.
[LOG] SystemI::createSound                     : filename = Assets\FMOD_Build\Desktop/Master Bank.bank : mode 02010082
[LOG] SystemI::createSound                     : FMOD_NONBLOCKING specified.  Putting into queue to be opened asynchronously!
[LOG] SystemI::createSound                     : setdata soundi = 0000000044283B18 : node = 000000001171A110
[LOG] SystemI::createSound                     : add node to async list : head = 000000005997D548.  list count = 0
[LOG] AsyncThread::threadFunc                  : Starting Asynchronous operation on sound 0000000044283B18
[LOG] SystemI::createSound                     : filename = Assets\FMOD_Build\Desktop/Master Bank.bank : mode 02010082
[LOG] SystemI::createSoundInternal             :     Create name='Assets\FMOD_Build\Desktop/Master Bank.bank', mode=0x02010082
[LOG] SystemI::createSound                     :     FMOD_NONBLOCKING specified.  Putting into queue to be opened asynchronously!
[LOG] SystemI::createSoundInternal             :     exinfo->cbsize             = 232
[LOG] SystemI::createSound                     :     setdata soundi = 00000000442837B8 : node = 0000000011719540
[LOG] SystemI::createSoundInternal             :     exinfo->length             = 24820896
[LOG] SystemI::createSound                     :     add node to async list : head = 000000005997D548.  list count = 0
[LOG] SystemI::createSoundInternal             :     exinfo->fileoffset         = 167200
[LOG] SystemI::createSoundInternal             :     exinfo->numsubsounds       = 1
[LOG] SystemI::createSoundInternal             :     exinfo->inclusionlist      = 000000001171A228
[LOG] SystemI::createSoundInternal             :     exinfo->inclusionlistnum   = 1
[LOG] SystemI::createSoundInternal             :     exinfo->suggestedsoundtype = 5
[LOG] SystemI::createSoundInternal             :     exinfo->initialseekposition = 53500
[LOG] SystemI::createSoundInternal             :     exinfo->initialseekpostype = 1
[LOG] SystemI::createSoundInternal             :     Stream 0/1: name='ATLAS_MUSIC_Minimal Version (E) 4_4 V4.0.2 INTRO', format=2, channels=2, frequency=48000, lengthbytes=656768, lengthpcm=3291429, pcmblocksize=0, loopstart=0, loopend=0, mode=0x00000000, channelmask=0x00000000, channelorder=0, peakvolume=0.112091.
[LOG] AsyncThread::threadFunc                  : Finished Asynchronous operation on sound 0000000044283B18
[LOG] AsyncThread::threadFunc                  : Starting Asynchronous operation on sound 00000000442837B8
[LOG] SystemI::createSoundInternal             :     Create name='Assets\FMOD_Build\Desktop/Master Bank.bank', mode=0x02010082
[LOG] SystemI::createSoundInternal             :     exinfo->cbsize             = 232
[LOG] SystemI::createSoundInternal             :     exinfo->length             = 24820896
[LOG] SystemI::createSoundInternal             :     exinfo->fileoffset         = 167200
[LOG] SystemI::createSoundInternal             :     exinfo->numsubsounds       = 1
[LOG] SystemI::createSoundInternal             :     exinfo->inclusionlist      = 0000000011719658
[LOG] SystemI::createSoundInternal             :     exinfo->inclusionlistnum   = 1
[LOG] SystemI::createSoundInternal             :     exinfo->suggestedsoundtype = 5
[LOG] SystemI::createSoundInternal             :     exinfo->initialseekpostype = 1
[LOG] SystemI::createSoundInternal             :     Stream 0/1: name='CaveAmbience', format=2, channels=2, frequency=48000, lengthbytes=1138304, lengthpcm=4071424, pcmblocksize=0, loopstart=0, loopend=0, mode=0x00000000, channelmask=0x00000000, channelorder=0, peakvolume=0.104523.
[LOG] AsyncThread::threadFunc                  : Finished Asynchronous operation on sound 00000000442837B8
[LOG] SystemI::createSound                     : filename = Assets\FMOD_Build\Desktop/Master Bank.bank : mode 02010082
[LOG] SystemI::createSound                     : FMOD_NONBLOCKING specified.  Putting into queue to be opened asynchronously!
[LOG] SystemI::createSound                     : setdata soundi = 0000000044283968 : node = 0000000011719A80
[LOG] SystemI::createSound                     : add node to async list : head = 000000005997D548.  list count = 0
[LOG] AsyncThread::threadFunc                  : Starting Asynchronous operation on sound 0000000044283968
[LOG] SystemI::createSound                     : filename = Assets\FMOD_Build\Desktop/Master Bank.bank : mode 02010082
[LOG] SystemI::createSoundInternal             :     Create name='Assets\FMOD_Build\Desktop/Master Bank.bank', mode=0x02010082
[LOG] SystemI::createSound                     :     FMOD_NONBLOCKING specified.  Putting into queue to be opened asynchronously!
[LOG] SystemI::createSoundInternal             :     exinfo->cbsize             = 232
[LOG] SystemI::createSound                     :     setdata soundi = 0000000044283CC8 : node = 0000000011719930
[LOG] SystemI::createSoundInternal             :     exinfo->length             = 24820896
[LOG] SystemI::createSound                     :     add node to async list : head = 000000005997D548.  list count = 0
[LOG] SystemI::createSoundInternal             :     exinfo->fileoffset         = 167200
[LOG] SystemI::createSoundInternal             :     exinfo->numsubsounds       = 1
[LOG] SystemI::createSoundInternal             :     exinfo->inclusionlist      = 0000000011719B98
[LOG] SystemI::createSoundInternal             :     exinfo->inclusionlistnum   = 1
[LOG] SystemI::createSoundInternal             :     exinfo->suggestedsoundtype = 5
[LOG] SystemI::createSoundInternal             :     exinfo->initialseekposition = 53500
[LOG] SystemI::createSoundInternal             :     exinfo->initialseekpostype = 1
[LOG] SoundI::getSubSound                      :     sound 0000000044283B18.  Subsound index 0 / 1
[LOG] SoundI::getSubSound                      :     sound 00000000442837B8.  Subsound index 0 / 1
[LOG] SystemI::createSoundInternal             :     Stream 0/1: name='ATLAS_MUSIC_Minimal Version (E) 4_4 V4.0.2 INTRO', format=2, channels=2, frequency=48000, lengthbytes=656768, lengthpcm=3291429, pcmblocksize=0, loopstart=0, loopend=0, mode=0x00000000, channelmask=0x00000000, channelorder=0, peakvolume=0.112091.
[LOG] AsyncThread::threadFunc                  : Finished Asynchronous operation on sound 0000000044283968
[LOG] AsyncThread::threadFunc                  : Starting Asynchronous operation on sound 0000000044283CC8
[LOG] SystemI::createSoundInternal             :     Create name='Assets\FMOD_Build\Desktop/Master Bank.bank', mode=0x02010082
[LOG] SystemI::createSoundInternal             :     exinfo->cbsize             = 232
[LOG] SystemI::createSoundInternal             :     exinfo->length             = 24820896
[LOG] SystemI::createSoundInternal             :     exinfo->fileoffset         = 167200
[LOG] SystemI::createSoundInternal             :     exinfo->numsubsounds       = 1
[LOG] SystemI::createSoundInternal             :     exinfo->inclusionlist      = 0000000011719A48
[LOG] SystemI::createSoundInternal             :     exinfo->inclusionlistnum   = 1
[LOG] SystemI::createSoundInternal             :     exinfo->suggestedsoundtype = 5
[LOG] SystemI::createSoundInternal             :     exinfo->initialseekpostype = 1
[LOG] SystemI::createSoundInternal             :     Stream 0/1: name='CaveAmbience', format=2, channels=2, frequency=48000, lengthbytes=1138304, lengthpcm=4071424, pcmblocksize=0, loopstart=0, loopend=0, mode=0x00000000, channelmask=0x00000000, channelorder=0, peakvolume=0.104523.
[LOG] AsyncThread::threadFunc                  : Finished Asynchronous operation on sound 0000000044283CC8
[LOG] SoundI::getSubSound                      : sound 0000000044283968.  Subsound index 0 / 1
[LOG] SoundI::getSubSound                      : sound 0000000044283CC8.  Subsound index 0 / 1
[LOG] SoundI::release                          : CaveAmbience (00000000442837B8)
[LOG] SoundI::release                          :     CaveAmbience (000000005997BED8)
[LOG] SoundI::release                          :     CaveAmbience (0000000044285468)
[LOG] SoundI::release                          : ATLAS_MUSIC_Minimal Version (E) 4_4 V4.0.2 INTRO (0000000044283B18)
[LOG] SoundI::release                          :     ATLAS_MUSIC_Minimal Version (E) 4_4 V4.0.2 INTRO (000000005997C898)
[LOG] SoundI::release                          :     ATLAS_MUSIC_Minimal Version (E) 4_4 V4.0.2 INTRO (0000000044284A48)
[LOG] AsyncThread::threadFunc                  : Starting Asynchronous operation on sound 0000000044284DA8
[LOG] AsyncThread::threadFunc                  : Finished Asynchronous operation on sound 0000000044284DA8
[LOG] AsyncThread::threadFunc                  : Starting Asynchronous operation on sound 0000000044283E78
[LOG] AsyncThread::threadFunc                  : Finished Asynchronous operation on sound 0000000044283E78
[LOG] SoundI::release                          : LavaAmbience (0000000044284538)
[LOG] SoundI::release                          :     LavaAmbience (000000005997C3B8)
[LOG] SoundI::release                          :     LavaAmbience (0000000044284F58)
[LOG] SystemI::createSound                     : filename = Assets\FMOD_Build\Desktop/Master Bank.bank : mode 02010082
[LOG] SystemI::createSound                     : FMOD_NONBLOCKING specified.  Putting into queue to be opened asynchronously!
[LOG] SystemI::createSound                     : setdata soundi = 0000000044284A48 : node = 0000000011719FC0
[LOG] SystemI::createSound                     : add node to async list : head = 000000005997D548.  list count = 0
[LOG] AsyncThread::threadFunc                  : Starting Asynchronous operation on sound 0000000044284A48
[LOG] SystemI::createSoundInternal             :     Create name='Assets\FMOD_Build\Desktop/Master Bank.bank', mode=0x02010082
[LOG] SystemI::createSoundInternal             :     exinfo->cbsize             = 232
[LOG] SystemI::createSoundInternal             :     exinfo->length             = 24820896
[LOG] SystemI::createSoundInternal             :     exinfo->fileoffset         = 167200
[LOG] SystemI::createSoundInternal             :     exinfo->numsubsounds       = 1
[LOG] SystemI::createSoundInternal             :     exinfo->inclusionlist      = 000000001171A0D8
[LOG] SystemI::createSoundInternal             :     exinfo->inclusionlistnum   = 1
[LOG] SystemI::createSoundInternal             :     exinfo->suggestedsoundtype = 5
[LOG] SystemI::createSoundInternal             :     exinfo->initialseekpostype = 1
[LOG] SystemI::createSoundInternal             :     Stream 0/1: name='ATLAS_MUSIC_Minimal Version (E) 4_4 V4.0.2 INTRO', format=2, channels=2, frequency=48000, lengthbytes=656768, lengthpcm=3291429, pcmblocksize=0, loopstart=0, loopend=0, mode=0x00000000, channelmask=0x00000000, channelorder=0, peakvolume=0.112091.
[LOG] AsyncThread::threadFunc                  : Finished Asynchronous operation on sound 0000000044284A48
[LOG] SoundI::getSubSound                      : sound 0000000044284A48.  Subsound index 0 / 1
[LOG] AsyncThread::threadFunc                  : Starting Asynchronous operation on sound 0000000044284BF8
[LOG] AsyncThread::threadFunc                  : Finished Asynchronous operation on sound 0000000044284BF8
[LOG] SystemI::createSound                     : filename = Assets\FMOD_Build\Desktop/Master Bank.bank : mode 02010082
[LOG] SystemI::createSound                     : FMOD_NONBLOCKING specified.  Putting into queue to be opened asynchronously!
[LOG] SystemI::createSound                     : setdata soundi = 0000000044284F58 : node = 000000001171A110
[LOG] SystemI::createSound                     : add node to async list : head = 000000005997D548.  list count = 0
[LOG] AsyncThread::threadFunc                  : Starting Asynchronous operation on sound 0000000044284F58
[LOG] SystemI::createSoundInternal             :     Create name='Assets\FMOD_Build\Desktop/Master Bank.bank', mode=0x02010082
[LOG] SystemI::createSoundInternal             :     exinfo->cbsize             = 232
[LOG] SystemI::createSoundInternal             :     exinfo->length             = 24820896
[LOG] SystemI::createSoundInternal             :     exinfo->fileoffset         = 167200
[LOG] SystemI::createSoundInternal             :     exinfo->numsubsounds       = 1
[LOG] SystemI::createSoundInternal             :     exinfo->inclusionlist      = 000000001171A228
[LOG] SystemI::createSoundInternal             :     exinfo->inclusionlistnum   = 1
[LOG] SystemI::createSoundInternal             :     exinfo->suggestedsoundtype = 5
[LOG] SystemI::createSoundInternal             :     exinfo->initialseekposition = 16000
[LOG] SystemI::createSoundInternal             :     exinfo->initialseekpostype = 1
[LOG] SystemI::createSoundInternal             :     Stream 0/1: name='LavaAmbience', format=2, channels=2, frequency=48000, lengthbytes=622240, lengthpcm=2304000, pcmblocksize=0, loopstart=0, loopend=0, mode=0x00000000, channelmask=0x00000000, channelorder=0, peakvolume=0.323547.
[WRN] PlaylistInstrumentInstance::startFullLengthHook :     Attempting to schedule a sound in the past, this could cause inaccurate playback.
[WRN] PlaylistInstrumentInstance::startFullLengthHook :     Attempting to schedule a sound in the past, this could cause inaccurate playback.
[WRN] PlaylistInstrumentInstance::startFullLengthHook :     Attempting to schedule a sound in the past, this could cause inaccurate playback.
[WRN] PlaylistInstrumentInstance::startFullLengthHook :     Attempting to schedule a sound in the past, this could cause inaccurate playback.
[WRN] PlaylistInstrumentInstance::startFullLengthHook :     Attempting to schedule a sound in the past, this could cause inaccurate playback.
[WRN] PlaylistInstrumentInstance::startFullLengthHook :     Attempting to schedule a sound in the past, this could cause inaccurate playback.
[WRN] PlaylistInstrumentInstance::startFullLengthHook :     Attempting to schedule a sound in the past, this could cause inaccurate playback.
[WRN] PlaylistInstrumentInstance::startFullLengthHook :     Attempting to schedule a sound in the past, this could cause inaccurate playback.
[WRN] PlaylistInstrumentInstance::startFullLengthHook :     Attempting to schedule a sound in the past, this could cause inaccurate playback.
[LOG] AsyncThread::threadFunc                  : Finished Asynchronous operation on sound 0000000044284F58
[WRN] PlaylistInstrumentInstance::startFullLengthHook : Attempting to schedule a sound in the past, this could cause inaccurate playback.
[WRN] PlaylistInstrumentInstance::startFullLengthHook : Attempting to schedule a sound in the past, this could cause inaccurate playback.
[WRN] PlaylistInstrumentInstance::startFullLengthHook : Attempting to schedule a sound in the past, this could cause inaccurate playback.
[WRN] PlaylistInstrumentInstance::startFullLengthHook : Attempting to schedule a sound in the past, this could cause inaccurate playback.
[WRN] PlaylistInstrumentInstance::startFullLengthHook : Attempting to schedule a sound in the past, this could cause inaccurate playback.
[WRN] PlaylistInstrumentInstance::startFullLengthHook : Attempting to schedule a sound in the past, this could cause inaccurate playback.
[LOG] SoundI::getSubSound                      : sound 0000000044284F58.  Subsound index 0 / 1
[LOG] AsyncThread::threadFunc                  : Starting Asynchronous operation on sound 0000000044284538
[LOG] AsyncThread::threadFunc                  : Finished Asynchronous operation on sound 0000000044284538
[LOG] SoundI::release                          : ATLAS_MUSIC_Minimal Version (E) 4_4 V4.0.2 INTRO (0000000044283968)
[LOG] SoundI::release                          :     ATLAS_MUSIC_Minimal Version (E) 4_4 V4.0.2 INTRO (0000000059E2BAF8)
[LOG] SoundI::release                          :     ATLAS_MUSIC_Minimal Version (E) 4_4 V4.0.2 INTRO (0000000044284DA8)
[LOG] SoundI::release                          :  (00000000448ECB48)
[LOG] SoundI::release                          :     ChargeHeavyGun 1.1 (000000005997C6F8)
[LOG] SoundI::release                          :  (0000000059B48A58)
[LOG] SoundI::release                          :     ChargeHeavyGun 1.2 (000000005997DA78)
[LOG] SoundI::release                          :  (00000000448EBCE8)
[LOG] SoundI::release                          :     PlasmaGunShotAtk1.1 (000000005997D0B8)
[LOG] SoundI::release                          :  (00000000448EC418)
[LOG] SoundI::release                          :     PlasmaGunShotAtk1.2 (000000005997DC18)
[LOG] SoundI::release                          :  (0000000059B481B8)
[LOG] SoundI::release                          :     PlasmaGunShotAtk1.3 (000000005997CBD8)
[LOG] SoundI::release                          :  (0000000059B47BF8)
[LOG] SoundI::release                          :     PlasmaGunRel1.1 (000000005997C558)
[LOG] SoundI::release                          :  (0000000059B48608)
[LOG] SoundI::release                          :     PlasmaGunRel1.2 (000000005997CF18)
[LOG] SoundI::release                          :  (0000000059B48BC8)
[LOG] SoundI::release                          :     PlasmaGunRel1.3 (000000005997C218)
[LOG] SoundI::release                          :  (0000000059B47A88)
[LOG] SoundI::release                          :     BossSweep 1.4 (000000005997CA38)
[LOG] SoundI::release                          :  (0000000059B48328)
[LOG] SoundI::release                          :     BossSweep 1.2 (00000000123F50F8)
[LOG] SoundI::release                          :  (0000000059B488E8)
[LOG] SoundI::release                          :     GeyserExplosion 1.1 (00000000123F55D8)
[LOG] SoundI::release                          :  (0000000059B47638)
[LOG] SoundI::release                          :     GeyserExplosion 1.3 (00000000123F6618)
[LOG] SoundI::release                          :  (0000000059B471E8)
[LOG] SoundI::release                          :     Geyser1.2 (00000000123F67B8)
[LOG] SoundI::release                          : LavaAmbience (0000000044284F58)
[LOG] SoundI::release                          :     LavaAmbience (0000000059E2BE38)
[LOG] SoundI::release                          :     LavaAmbience (0000000044284538)
[LOG] SoundI::release                          : ATLAS_MUSIC_Minimal Version (E) 4_4 V4.0.2 INTRO (0000000044284A48)
[LOG] SoundI::release                          :     ATLAS_MUSIC_Minimal Version (E) 4_4 V4.0.2 INTRO (0000000059E2A0F8)
[LOG] SoundI::release                          :     ATLAS_MUSIC_Minimal Version (E) 4_4 V4.0.2 INTRO (0000000044284BF8)
[LOG] SoundI::release                          : CaveAmbience (0000000044283CC8)
[LOG] SoundI::release                          :     CaveAmbience (0000000059E2B618)
[LOG] SoundI::release                          :     CaveAmbience (0000000044283E78)
[LOG] SoundI::release                          :  (0000000059B47ED8)
[LOG] SoundI::release                          :     Geyser1.3 (00000000123F5778)
[LOG] SoundI::release                          :  (0000000059B48778)
[LOG] SoundI::release                          :     ClearRocks 1.2 (00000000123F5438)
[LOG] SoundI::release                          :  (0000000059B477A8)
[LOG] SoundI::release                          :     ClearRocks 1.3 (000000005997D598)
[LOG] SoundI::release                          :  (0000000059B48EA8)
[LOG] SoundI::release                          :     GeyserExplosion 1.2 (00000000123F5C58)
[LOG] SoundI::release                          :  (0000000059B47358)
[LOG] SoundI::release                          :     Geyser1.1 (00000000123F6C98)
[LOG] SoundI::release                          :  (0000000059B48D38)
[LOG] SoundI::release                          :     ClearRocks 1.1 (00000000123F6958)
[LOG] SoundI::release                          :  (0000000059B48048)
[LOG] SoundI::release                          :     GeyserParticles 1.1 (000000005997C078)
[LOG] SoundI::release                          :  (0000000059B47918)
[LOG] SoundI::release                          :     GeyserParticles 1.5 (000000005997D738)
[LOG] SoundI::release                          :  (0000000059B47078)
[LOG] SoundI::release                          :     GeyserParticles 1.4 (000000005997D8D8)
[LOG] SoundI::release                          :  (0000000059B474C8)
[LOG] SoundI::release                          :     GeyserParticles 1.3 (000000005997D258)
[LOG] SoundI::release                          :  (0000000059B48498)
[LOG] SoundI::release                          :     GeyserParticles 1.6 (00000000123F5DF8)
[LOG] SoundI::release                          :  (0000000059B47D68)
[LOG] SoundI::release                          :     GeyserParticles 1.2 (000000005997CD78)
[LOG] Thread::callback                         : FMOD Studio update thread finished.
[LOG] Thread::callback                         : FMOD Studio bank load thread finished.
[LOG] Profile::disconnectAll                   : Profiler disconnecting all clients
[LOG] Thread::callback                         : FMOD Studio sample load thread finished.
[LOG] LiveUpdate::release                      : 
[LOG] LiveUpdate::reset                        : Reset connection (reason Disconnected)
[LOG] Thread::callback                         : FMOD stream thread finished.
[LOG] Thread::callback                         : FMOD mixer thread finished.
[LOG] Profile::disconnectAll                   : Profiler disconnecting all clients
[LOG] Thread::callback                         : FMOD nonblocking thread (0) finished.
[LOG] Thread::callback                         : FMOD file thread finished.
[LOG] SystemI::close                           : Closed.
